#
# There is insufficient memory for the Java Runtime Environment to continue.
# Native memory allocation (malloc) failed to allocate 765296 bytes. Error detail: Chunk::new
# Possible reasons:
#   The system is out of physical RAM or swap space
#   This process is running with CompressedOops enabled, and the Java Heap may be blocking the growth of the native heap
# Possible solutions:
#   Reduce memory load on the system
#   Increase physical memory or swap space
#   Check if swap backing store is full
#   Decrease Java heap size (-Xmx/-Xms)
#   Decrease number of Java threads
#   Decrease Java thread stack sizes (-Xss)
#   Set larger code cache with -XX:ReservedCodeCacheSize=
#   JVM is running with Unscaled Compressed Oops mode in which the Java heap is
#     placed in the first 4GB address space. The Java Heap base address is the
#     maximum limit for the native heap growth. Please use -XX:HeapBaseMinAddress
#     to set the Java Heap base and to place the Java Heap above 4GB virtual address.
# This output file may be truncated or incomplete.
#
#  Out of Memory Error (arena.cpp:191), pid=13960, tid=8812
#
# JRE version: OpenJDK Runtime Environment Temurin-17.0.13+11 (17.0.13+11) (build 17.0.13+11)
# Java VM: OpenJDK 64-Bit Server VM Temurin-17.0.13+11 (17.0.13+11, mixed mode, tiered, compressed oops, compressed class ptrs, parallel gc, windows-amd64)
# No core dump will be written. Minidumps are not enabled by default on client versions of Windows
#

---------------  S U M M A R Y ------------

Command Line: --add-modules=ALL-SYSTEM --add-opens=java.base/java.util=ALL-UNNAMED --add-opens=java.base/java.lang=ALL-UNNAMED --add-opens=java.base/sun.nio.fs=ALL-UNNAMED -Declipse.application=org.eclipse.jdt.ls.core.id1 -Dosgi.bundles.defaultStartLevel=4 -Declipse.product=org.eclipse.jdt.ls.core.product -Djava.import.generatesMetadataFilesAtProjectRoot=false -DDetectVMInstallationsJob.disabled=true -Dfile.encoding=utf8 -XX:+UseParallelGC -XX:GCTimeRatio=4 -XX:AdaptiveSizePolicyWeight=90 -Dsun.zip.disableMemoryMapping=true -Xmx1G -Xms100m -Xlog:disable -javaagent:c:\Users\Safegold\.cursor\extensions\redhat.java-1.37.0-win32-x64\lombok\lombok-1.18.34.jar -XX:+HeapDumpOnOutOfMemoryError -XX:HeapDumpPath=c:\Users\Safegold\AppData\Roaming\Cursor\User\workspaceStorage\fc7bc1c2951040d18626b1c4f8f05cd6\redhat.java -Daether.dependencyCollector.impl=bf c:\Users\Safegold\.cursor\extensions\redhat.java-1.37.0-win32-x64\server\plugins\org.eclipse.equinox.launcher_1.6.900.v20240613-2009.jar -configuration c:\Users\Safegold\AppData\Roaming\Cursor\User\globalStorage\redhat.java\1.37.0\config_win -data c:\Users\Safegold\AppData\Roaming\Cursor\User\workspaceStorage\fc7bc1c2951040d18626b1c4f8f05cd6\redhat.java\jdt_ws --pipe=\\.\pipe\lsp-9ef5a95043b04bb835ed20df80b2a05c-sock

Host: Intel(R) Core(TM) i5-8265U CPU @ 1.60GHz, 8 cores, 15G,  Windows 11 , 64 bit Build 26100 (10.0.26100.2454)
Time: Wed Dec  4 09:28:55 2024 Hora oficial do Brasil elapsed time: 951.854121 seconds (0d 0h 15m 51s)

---------------  T H R E A D  ---------------

Current thread (0x000001d2737c34c0):  JavaThread "C2 CompilerThread1" daemon [_thread_in_native, id=8812, stack(0x000000b535800000,0x000000b535900000)]


Current CompileTask:
C2: 951854 13510       4       org.eclipse.jdt.internal.compiler.lookup.Scope$Substitutor::substitute (850 bytes)

Stack: [0x000000b535800000,0x000000b535900000]
Native frames: (J=compiled Java code, j=interpreted, Vv=VM code, C=native code)
V  [jvm.dll+0x682a19]
V  [jvm.dll+0x839538]
V  [jvm.dll+0x83afe3]
V  [jvm.dll+0x83b653]
V  [jvm.dll+0x24704f]
V  [jvm.dll+0xace34]
V  [jvm.dll+0xad4cc]
V  [jvm.dll+0x2ac84f]
V  [jvm.dll+0x588a79]
V  [jvm.dll+0x220ea2]
V  [jvm.dll+0x21992b]
V  [jvm.dll+0x21738b]
V  [jvm.dll+0x1a3070]
V  [jvm.dll+0x22788c]
V  [jvm.dll+0x2259eb]
V  [jvm.dll+0x7eec98]
V  [jvm.dll+0x7e8ffc]
V  [jvm.dll+0x6818f7]
C  [ucrtbase.dll+0x14ea0]
C  [KERNEL32.DLL+0x2e8d7]
C  [ntdll.dll+0xdfbcc]


---------------  P R O C E S S  ---------------

Threads class SMR info:
_java_thread_list=0x000001d270fdb390, length=56, elements={
0x000001d255f362e0, 0x000001d26ee28030, 0x000001d26ee28dc0, 0x000001d269db5a50,
0x000001d269db6420, 0x000001d269db6ef0, 0x000001d269db98d0, 0x000001d26ee47650,
0x000001d26eeac8c0, 0x000001d26eeb0100, 0x000001d26ef34ad0, 0x000001d26f1b4ba0,
0x000001d2701285c0, 0x000001d270bf4bb0, 0x000001d270b32aa0, 0x000001d270bc3020,
0x000001d270b61ef0, 0x000001d270ad02b0, 0x000001d270ad2110, 0x000001d270ad16f0,
0x000001d270ad11e0, 0x000001d270ad1c00, 0x000001d270ad3040, 0x000001d270ad3550,
0x000001d270ad3a60, 0x000001d2723a1d00, 0x000001d2723a3650, 0x000001d2723a3b60,
0x000001d2723a12e0, 0x000001d2723a17f0, 0x000001d2723a2720, 0x000001d2723a2210,
0x000001d2723a0dd0, 0x000001d2723a3140, 0x000001d2723a4070, 0x000001d2723a08c0,
0x000001d2723a59c0, 0x000001d2723a5ed0, 0x000001d2723a4fa0, 0x000001d2723a4580,
0x000001d2723a8240, 0x000001d2723a7310, 0x000001d2723a7820, 0x000001d2723a6e00,
0x000001d270ad2620, 0x000001d270ad2b30, 0x000001d270ad07c0, 0x000001d27dd42010,
0x000001d27dd43450, 0x000001d27dd42520, 0x000001d27dd43e70, 0x000001d27dd44da0,
0x000001d27dd42f40, 0x000001d27dd415f0, 0x000001d27dd44890, 0x000001d2737c34c0
}

Java Threads: ( => current thread )
  0x000001d255f362e0 JavaThread "main" [_thread_blocked, id=21480, stack(0x000000b535b00000,0x000000b535c00000)]
  0x000001d26ee28030 JavaThread "Reference Handler" daemon [_thread_blocked, id=10788, stack(0x000000b535e00000,0x000000b535f00000)]
  0x000001d26ee28dc0 JavaThread "Finalizer" daemon [_thread_blocked, id=10460, stack(0x000000b535f00000,0x000000b536000000)]
  0x000001d269db5a50 JavaThread "Signal Dispatcher" daemon [_thread_blocked, id=20228, stack(0x000000b536000000,0x000000b536100000)]
  0x000001d269db6420 JavaThread "Attach Listener" daemon [_thread_blocked, id=22688, stack(0x000000b536100000,0x000000b536200000)]
  0x000001d269db6ef0 JavaThread "Service Thread" daemon [_thread_blocked, id=11896, stack(0x000000b536200000,0x000000b536300000)]
  0x000001d269db98d0 JavaThread "Monitor Deflation Thread" daemon [_thread_blocked, id=16924, stack(0x000000b536300000,0x000000b536400000)]
  0x000001d26ee47650 JavaThread "C2 CompilerThread0" daemon [_thread_blocked, id=6976, stack(0x000000b536400000,0x000000b536500000)]
  0x000001d26eeac8c0 JavaThread "C1 CompilerThread0" daemon [_thread_blocked, id=12004, stack(0x000000b536500000,0x000000b536600000)]
  0x000001d26eeb0100 JavaThread "Sweeper thread" daemon [_thread_blocked, id=2556, stack(0x000000b536600000,0x000000b536700000)]
  0x000001d26ef34ad0 JavaThread "Common-Cleaner" daemon [_thread_blocked, id=4104, stack(0x000000b536700000,0x000000b536800000)]
  0x000001d26f1b4ba0 JavaThread "Notification Thread" daemon [_thread_blocked, id=20408, stack(0x000000b536800000,0x000000b536900000)]
  0x000001d2701285c0 JavaThread "Active Thread: Equinox Container: ce6cd5cd-ca35-4de1-b565-42e25a83dcb5" [_thread_blocked, id=22108, stack(0x000000b537100000,0x000000b537200000)]
  0x000001d270bf4bb0 JavaThread "Refresh Thread: Equinox Container: ce6cd5cd-ca35-4de1-b565-42e25a83dcb5" daemon [_thread_blocked, id=20000, stack(0x000000b537200000,0x000000b537300000)]
  0x000001d270b32aa0 JavaThread "Framework Event Dispatcher: Equinox Container: ce6cd5cd-ca35-4de1-b565-42e25a83dcb5" daemon [_thread_blocked, id=1564, stack(0x000000b537300000,0x000000b537400000)]
  0x000001d270bc3020 JavaThread "Start Level: Equinox Container: ce6cd5cd-ca35-4de1-b565-42e25a83dcb5" daemon [_thread_blocked, id=19132, stack(0x000000b537400000,0x000000b537500000)]
  0x000001d270b61ef0 JavaThread "Bundle File Closer" daemon [_thread_blocked, id=13624, stack(0x000000b537600000,0x000000b537700000)]
  0x000001d270ad02b0 JavaThread "SCR Component Actor" daemon [_thread_blocked, id=21120, stack(0x000000b537700000,0x000000b537800000)]
  0x000001d270ad2110 JavaThread "Worker-JM" [_thread_blocked, id=19716, stack(0x000000b537000000,0x000000b537100000)]
  0x000001d270ad16f0 JavaThread "JNA Cleaner" daemon [_thread_blocked, id=11340, stack(0x000000b537900000,0x000000b537a00000)]
  0x000001d270ad11e0 JavaThread "Java indexing" daemon [_thread_blocked, id=3132, stack(0x000000b537e00000,0x000000b537f00000)]
  0x000001d270ad1c00 JavaThread "Worker-2" [_thread_blocked, id=12372, stack(0x000000b537f00000,0x000000b538000000)]
  0x000001d270ad3040 JavaThread "Thread-2" daemon [_thread_in_native, id=13576, stack(0x000000b538200000,0x000000b538300000)]
  0x000001d270ad3550 JavaThread "Thread-3" daemon [_thread_in_native, id=1724, stack(0x000000b538300000,0x000000b538400000)]
  0x000001d270ad3a60 JavaThread "Thread-4" daemon [_thread_in_native, id=23060, stack(0x000000b538400000,0x000000b538500000)]
  0x000001d2723a1d00 JavaThread "Thread-5" daemon [_thread_in_native, id=23492, stack(0x000000b538500000,0x000000b538600000)]
  0x000001d2723a3650 JavaThread "Thread-6" daemon [_thread_in_native, id=11020, stack(0x000000b538600000,0x000000b538700000)]
  0x000001d2723a3b60 JavaThread "Thread-7" daemon [_thread_in_native, id=16964, stack(0x000000b538700000,0x000000b538800000)]
  0x000001d2723a12e0 JavaThread "Thread-8" daemon [_thread_in_native, id=13644, stack(0x000000b538800000,0x000000b538900000)]
  0x000001d2723a17f0 JavaThread "Thread-9" daemon [_thread_in_native, id=6460, stack(0x000000b538900000,0x000000b538a00000)]
  0x000001d2723a2720 JavaThread "Thread-10" daemon [_thread_in_native, id=15552, stack(0x000000b538a00000,0x000000b538b00000)]
  0x000001d2723a2210 JavaThread "pool-2-thread-1" [_thread_blocked, id=7904, stack(0x000000b538b00000,0x000000b538c00000)]
  0x000001d2723a0dd0 JavaThread "Worker-3" [_thread_blocked, id=19488, stack(0x000000b538c00000,0x000000b538d00000)]
  0x000001d2723a3140 JavaThread "WorkspaceEventsHandler" [_thread_blocked, id=23536, stack(0x000000b538d00000,0x000000b538e00000)]
  0x000001d2723a4070 JavaThread "pool-1-thread-1" [_thread_blocked, id=7380, stack(0x000000b538e00000,0x000000b538f00000)]
  0x000001d2723a08c0 JavaThread "ForkJoinPool.commonPool-worker-8" daemon [_thread_blocked, id=16748, stack(0x000000b535900000,0x000000b535a00000)]
  0x000001d2723a59c0 JavaThread "ForkJoinPool.commonPool-worker-9" daemon [_thread_blocked, id=9504, stack(0x000000b535a00000,0x000000b535b00000)]
  0x000001d2723a5ed0 JavaThread "ForkJoinPool.commonPool-worker-10" daemon [_thread_blocked, id=21376, stack(0x000000b537800000,0x000000b537900000)]
  0x000001d2723a4fa0 JavaThread "ForkJoinPool.commonPool-worker-13" daemon [_thread_blocked, id=22584, stack(0x000000b537c00000,0x000000b537d00000)]
  0x000001d2723a4580 JavaThread "Java Debug Server" daemon [_thread_in_native, id=13964, stack(0x000000b538100000,0x000000b538200000)]
  0x000001d2723a8240 JavaThread "pool-4-thread-1" [_thread_in_native, id=14356, stack(0x000000b538f00000,0x000000b539000000)]
  0x000001d2723a7310 JavaThread "RxSchedulerPurge-1" daemon [_thread_blocked, id=22836, stack(0x000000b539100000,0x000000b539200000)]
  0x000001d2723a7820 JavaThread "RxCachedWorkerPoolEvictor-1" daemon [_thread_blocked, id=12384, stack(0x000000b539200000,0x000000b539300000)]
  0x000001d2723a6e00 JavaThread "RxNewThreadScheduler-1" daemon [_thread_blocked, id=10992, stack(0x000000b539300000,0x000000b539400000)]
  0x000001d270ad2620 JavaThread "Packet Receive Manager" daemon [_thread_in_native, id=5260, stack(0x000000b538000000,0x000000b538100000)]
  0x000001d270ad2b30 JavaThread "Packet Send Manager" daemon [_thread_blocked, id=12664, stack(0x000000b539400000,0x000000b539500000)]
  0x000001d270ad07c0 JavaThread "ForkJoinPool-2-worker-1" daemon [_thread_blocked, id=18908, stack(0x000000b539500000,0x000000b539600000)]
  0x000001d27dd42010 JavaThread "ForkJoinPool-2-worker-2" daemon [_thread_blocked, id=19864, stack(0x000000b539700000,0x000000b539800000)]
  0x000001d27dd43450 JavaThread "ForkJoinPool-2-worker-4" daemon [_thread_blocked, id=12200, stack(0x000000b539900000,0x000000b539a00000)]
  0x000001d27dd42520 JavaThread "Event Hub" daemon [_thread_blocked, id=14940, stack(0x000000b539600000,0x000000b539700000)]
  0x000001d27dd43e70 JavaThread "ForkJoinPool-2-worker-5" daemon [_thread_blocked, id=22176, stack(0x000000b539a00000,0x000000b539b00000)]
  0x000001d27dd44da0 JavaThread "ForkJoinPool-2-worker-13" daemon [_thread_blocked, id=18912, stack(0x000000b53a200000,0x000000b53a300000)]
  0x000001d27dd42f40 JavaThread "ForkJoinPool.commonPool-worker-15" daemon [_thread_blocked, id=10756, stack(0x000000b537a00000,0x000000b537b00000)]
  0x000001d27dd415f0 JavaThread "ForkJoinPool.commonPool-worker-16" daemon [_thread_blocked, id=20920, stack(0x000000b537b00000,0x000000b537c00000)]
  0x000001d27dd44890 JavaThread "ForkJoinPool.commonPool-worker-17" daemon [_thread_blocked, id=6208, stack(0x000000b537d00000,0x000000b537e00000)]
=>0x000001d2737c34c0 JavaThread "C2 CompilerThread1" daemon [_thread_in_native, id=8812, stack(0x000000b535800000,0x000000b535900000)]

Other Threads:
  0x000001d255fdec00 VMThread "VM Thread" [stack: 0x000000b535d00000,0x000000b535e00000] [id=13560]
  0x000001d26f1a07f0 WatcherThread [stack: 0x000000b536900000,0x000000b536a00000] [id=7444]
  0x000001d255f4bc90 GCTaskThread "GC Thread#0" [stack: 0x000000b535c00000,0x000000b535d00000] [id=6964]
  0x000001d2709783f0 GCTaskThread "GC Thread#1" [stack: 0x000000b536a00000,0x000000b536b00000] [id=18660]
  0x000001d2704b0870 GCTaskThread "GC Thread#2" [stack: 0x000000b536b00000,0x000000b536c00000] [id=16096]
  0x000001d2704b0b30 GCTaskThread "GC Thread#3" [stack: 0x000000b536c00000,0x000000b536d00000] [id=3488]
  0x000001d2704b0df0 GCTaskThread "GC Thread#4" [stack: 0x000000b536d00000,0x000000b536e00000] [id=12152]
  0x000001d2704b10b0 GCTaskThread "GC Thread#5" [stack: 0x000000b536e00000,0x000000b536f00000] [id=7604]
  0x000001d2704b1370 GCTaskThread "GC Thread#6" [stack: 0x000000b536f00000,0x000000b537000000] [id=10604]
  0x000001d270771a20 GCTaskThread "GC Thread#7" [stack: 0x000000b537500000,0x000000b537600000] [id=4204]

Threads with active compile tasks:
C2 CompilerThread1   951921 13510       4       org.eclipse.jdt.internal.compiler.lookup.Scope$Substitutor::substitute (850 bytes)

VM state: not at safepoint (normal execution)

VM Mutex/Monitor currently owned by a thread: None

Heap address: 0x00000000c0000000, size: 1024 MB, Compressed Oops mode: 32-bit

CDS archive(s) not mapped
Compressed class space mapped at: 0x0000000100000000-0x0000000140000000, reserved size: 1073741824
Narrow klass base: 0x0000000000000000, Narrow klass shift: 3, Narrow klass range: 0x140000000

GC Precious Log:
 CPUs: 8 total, 8 available
 Memory: 16239M
 Large Page Support: Disabled
 NUMA Support: Disabled
 Compressed Oops: Enabled (32-bit)
 Alignments: Space 512K, Generation 512K, Heap 2M
 Heap Min Capacity: 100M
 Heap Initial Capacity: 100M
 Heap Max Capacity: 1G
 Pre-touch: Disabled
 Parallel Workers: 8

Heap:
 PSYoungGen      total 5632K, used 4310K [0x00000000eab00000, 0x00000000eb480000, 0x0000000100000000)
  eden space 4608K, 80% used [0x00000000eab00000,0x00000000eae9db68,0x00000000eaf80000)
  from space 1024K, 59% used [0x00000000eb380000,0x00000000eb418000,0x00000000eb480000)
  to   space 1024K, 0% used [0x00000000eb280000,0x00000000eb280000,0x00000000eb380000)
 ParOldGen       total 89600K, used 65653K [0x00000000c0000000, 0x00000000c5780000, 0x00000000eab00000)
  object space 89600K, 73% used [0x00000000c0000000,0x00000000c401d788,0x00000000c5780000)
 Metaspace       used 77631K, committed 78912K, reserved 1179648K
  class space    used 8199K, committed 8768K, reserved 1048576K

Card table byte_map: [0x000001d2558c0000,0x000001d255ad0000] _byte_map_base: 0x000001d2552c0000

Marking Bits: (ParMarkBitMap*) 0x00007ffd6eee6940
 Begin Bits: [0x000001d267bc0000, 0x000001d268bc0000)
 End Bits:   [0x000001d268bc0000, 0x000001d269bc0000)

Polling page: 0x000001d253eb0000

Metaspace:

Usage:
  Non-class:     67.81 MB used.
      Class:      8.01 MB used.
       Both:     75.81 MB used.

Virtual space:
  Non-class space:      128.00 MB reserved,      68.50 MB ( 54%) committed,  2 nodes.
      Class space:        1.00 GB reserved,       8.56 MB ( <1%) committed,  1 nodes.
             Both:        1.12 GB reserved,      77.06 MB (  7%) committed. 

Chunk freelists:
   Non-Class:  11.05 MB
       Class:  7.32 MB
        Both:  18.36 MB

MaxMetaspaceSize: unlimited
CompressedClassSpaceSize: 1.00 GB
Initial GC threshold: 21.00 MB
Current GC threshold: 128.06 MB
CDS: off
MetaspaceReclaimPolicy: balanced
 - commit_granule_bytes: 65536.
 - commit_granule_words: 8192.
 - virtual_space_node_default_size: 8388608.
 - enlarge_chunks_in_place: 1.
 - new_chunks_are_fully_committed: 0.
 - uncommit_free_chunks: 1.
 - use_allocation_guard: 0.
 - handle_deallocations: 1.


Internal statistics:

num_allocs_failed_limit: 9.
num_arena_births: 970.
num_arena_deaths: 34.
num_vsnodes_births: 3.
num_vsnodes_deaths: 0.
num_space_committed: 1233.
num_space_uncommitted: 0.
num_chunks_returned_to_freelist: 49.
num_chunks_taken_from_freelist: 4282.
num_chunk_merges: 17.
num_chunk_splits: 2615.
num_chunks_enlarged: 1437.
num_inconsistent_stats: 0.

CodeHeap 'non-profiled nmethods': size=120000Kb used=8461Kb max_used=8461Kb free=111538Kb
 bounds [0x000001d260690000, 0x000001d260ee0000, 0x000001d267bc0000]
CodeHeap 'profiled nmethods': size=120000Kb used=24341Kb max_used=24341Kb free=95658Kb
 bounds [0x000001d258bc0000, 0x000001d25a390000, 0x000001d2600f0000]
CodeHeap 'non-nmethods': size=5760Kb used=1396Kb max_used=1521Kb free=4363Kb
 bounds [0x000001d2600f0000, 0x000001d260360000, 0x000001d260690000]
 total_blobs=11925 nmethods=11174 adapters=662
 compilation: enabled
              stopped_count=0, restarted_count=0
 full_count=0

Compilation events (20 events):
Event: 951.734 Thread 0x000001d26eeac8c0 nmethod 13533 0x000001d25a380c90 code [0x000001d25a380e20, 0x000001d25a380f38]
Event: 951.734 Thread 0x000001d26eeac8c0 13534       3       org.eclipse.jdt.internal.compiler.lookup.MethodBinding::isDeprecated (15 bytes)
Event: 951.734 Thread 0x000001d26eeac8c0 nmethod 13534 0x000001d25a381010 code [0x000001d25a3811a0, 0x000001d25a381318]
Event: 951.736 Thread 0x000001d2737c34c0 nmethod 13491 0x000001d260ecce10 code [0x000001d260eccfc0, 0x000001d260ece298]
Event: 951.737 Thread 0x000001d2737c34c0 13510       4       org.eclipse.jdt.internal.compiler.lookup.Scope$Substitutor::substitute (850 bytes)
Event: 951.743 Thread 0x000001d26eeac8c0 13535       3       org.eclipse.jdt.core.dom.TypeBinding::getModifiers (130 bytes)
Event: 951.744 Thread 0x000001d26eeac8c0 nmethod 13535 0x000001d25a381390 code [0x000001d25a381600, 0x000001d25a3823d8]
Event: 951.744 Thread 0x000001d26eeac8c0 13536       3       org.eclipse.jdt.core.dom.TypeBinding::isDeprecated (36 bytes)
Event: 951.744 Thread 0x000001d26eeac8c0 nmethod 13536 0x000001d25a382710 code [0x000001d25a382900, 0x000001d25a382f68]
Event: 951.744 Thread 0x000001d26eeac8c0 13537       3       org.eclipse.jdt.ls.core.internal.semantictokens.SemanticTokensVisitor::acceptNode (10 bytes)
Event: 951.744 Thread 0x000001d26eeac8c0 nmethod 13537 0x000001d25a383110 code [0x000001d25a3832c0, 0x000001d25a383448]
Event: 951.744 Thread 0x000001d26eeac8c0 13538       3       org.eclipse.jdt.core.dom.CompilationUnit::getLineNumber (138 bytes)
Event: 951.745 Thread 0x000001d26eeac8c0 nmethod 13538 0x000001d25a383510 code [0x000001d25a383720, 0x000001d25a383d38]
Event: 951.745 Thread 0x000001d26eeac8c0 13539       1       org.eclipse.lsp4j.jsonrpc.messages.ResponseMessage::getError (5 bytes)
Event: 951.745 Thread 0x000001d26eeac8c0 nmethod 13539 0x000001d260ece910 code [0x000001d260eceaa0, 0x000001d260eceb78]
Event: 951.759 Thread 0x000001d26ee47650 nmethod 13487 0x000001d260ecec10 code [0x000001d260ecee40, 0x000001d260ed1bc8]
Event: 951.759 Thread 0x000001d26ee47650 13473       4       org.eclipse.jdt.internal.core.SourceRefElement::equals (40 bytes)
Event: 951.764 Thread 0x000001d26ee47650 nmethod 13473 0x000001d260ed2b90 code [0x000001d260ed2d20, 0x000001d260ed3058]
Event: 951.764 Thread 0x000001d26ee47650 13518       4       org.eclipse.jdt.internal.compiler.ClassFile::u2At (29 bytes)
Event: 951.765 Thread 0x000001d26ee47650 nmethod 13518 0x000001d260ed3290 code [0x000001d260ed3400, 0x000001d260ed34d8]

GC Heap History (20 events):
Event: 861.849 GC heap before
{Heap before GC invocations=148 (full 4):
 PSYoungGen      total 7168K, used 7136K [0x00000000eab00000, 0x00000000eb580000, 0x0000000100000000)
  eden space 6656K, 100% used [0x00000000eab00000,0x00000000eb180000,0x00000000eb180000)
  from space 512K, 93% used [0x00000000eb500000,0x00000000eb578020,0x00000000eb580000)
  to   space 1024K, 0% used [0x00000000eb380000,0x00000000eb380000,0x00000000eb480000)
 ParOldGen       total 86528K, used 83840K [0x00000000c0000000, 0x00000000c5480000, 0x00000000eab00000)
  object space 86528K, 96% used [0x00000000c0000000,0x00000000c51e0258,0x00000000c5480000)
 Metaspace       used 77353K, committed 78656K, reserved 1179648K
  class space    used 8199K, committed 8768K, reserved 1048576K
}
Event: 861.851 GC heap after
{Heap after GC invocations=148 (full 4):
 PSYoungGen      total 7680K, used 999K [0x00000000eab00000, 0x00000000eb680000, 0x0000000100000000)
  eden space 6656K, 0% used [0x00000000eab00000,0x00000000eab00000,0x00000000eb180000)
  from space 1024K, 97% used [0x00000000eb380000,0x00000000eb479e50,0x00000000eb480000)
  to   space 2048K, 0% used [0x00000000eb480000,0x00000000eb480000,0x00000000eb680000)
 ParOldGen       total 86528K, used 84860K [0x00000000c0000000, 0x00000000c5480000, 0x00000000eab00000)
  object space 86528K, 98% used [0x00000000c0000000,0x00000000c52df158,0x00000000c5480000)
 Metaspace       used 77353K, committed 78656K, reserved 1179648K
  class space    used 8199K, committed 8768K, reserved 1048576K
}
Event: 861.878 GC heap before
{Heap before GC invocations=149 (full 4):
 PSYoungGen      total 7680K, used 7655K [0x00000000eab00000, 0x00000000eb680000, 0x0000000100000000)
  eden space 6656K, 99% used [0x00000000eab00000,0x00000000eb17ffa0,0x00000000eb180000)
  from space 1024K, 97% used [0x00000000eb380000,0x00000000eb479e50,0x00000000eb480000)
  to   space 2048K, 0% used [0x00000000eb480000,0x00000000eb480000,0x00000000eb680000)
 ParOldGen       total 86528K, used 84860K [0x00000000c0000000, 0x00000000c5480000, 0x00000000eab00000)
  object space 86528K, 98% used [0x00000000c0000000,0x00000000c52df158,0x00000000c5480000)
 Metaspace       used 77353K, committed 78656K, reserved 1179648K
  class space    used 8199K, committed 8768K, reserved 1048576K
}
Event: 861.881 GC heap after
{Heap after GC invocations=149 (full 4):
 PSYoungGen      total 6656K, used 2031K [0x00000000eab00000, 0x00000000ebb80000, 0x0000000100000000)
  eden space 4608K, 0% used [0x00000000eab00000,0x00000000eab00000,0x00000000eaf80000)
  from space 2048K, 99% used [0x00000000eb480000,0x00000000eb67bca0,0x00000000eb680000)
  to   space 5120K, 0% used [0x00000000eaf80000,0x00000000eaf80000,0x00000000eb480000)
 ParOldGen       total 87552K, used 87368K [0x00000000c0000000, 0x00000000c5580000, 0x00000000eab00000)
  object space 87552K, 99% used [0x00000000c0000000,0x00000000c55520c0,0x00000000c5580000)
 Metaspace       used 77353K, committed 78656K, reserved 1179648K
  class space    used 8199K, committed 8768K, reserved 1048576K
}
Event: 889.468 GC heap before
{Heap before GC invocations=150 (full 5):
 PSYoungGen      total 6656K, used 6639K [0x00000000eab00000, 0x00000000ebb80000, 0x0000000100000000)
  eden space 4608K, 100% used [0x00000000eab00000,0x00000000eaf80000,0x00000000eaf80000)
  from space 2048K, 99% used [0x00000000eb480000,0x00000000eb67bca0,0x00000000eb680000)
  to   space 5120K, 0% used [0x00000000eaf80000,0x00000000eaf80000,0x00000000eb480000)
 ParOldGen       total 87552K, used 87368K [0x00000000c0000000, 0x00000000c5580000, 0x00000000eab00000)
  object space 87552K, 99% used [0x00000000c0000000,0x00000000c55520c0,0x00000000c5580000)
 Metaspace       used 77374K, committed 78656K, reserved 1179648K
  class space    used 8199K, committed 8768K, reserved 1048576K
}
Event: 889.656 GC heap after
{Heap after GC invocations=150 (full 5):
 PSYoungGen      total 9728K, used 0K [0x00000000eab00000, 0x00000000eb980000, 0x0000000100000000)
  eden space 4608K, 0% used [0x00000000eab00000,0x00000000eab00000,0x00000000eaf80000)
  from space 5120K, 0% used [0x00000000eaf80000,0x00000000eaf80000,0x00000000eb480000)
  to   space 5120K, 0% used [0x00000000eb480000,0x00000000eb480000,0x00000000eb980000)
 ParOldGen       total 89600K, used 62611K [0x00000000c0000000, 0x00000000c5780000, 0x00000000eab00000)
  object space 89600K, 69% used [0x00000000c0000000,0x00000000c3d24c28,0x00000000c5780000)
 Metaspace       used 77368K, committed 78656K, reserved 1179648K
  class space    used 8197K, committed 8768K, reserved 1048576K
}
Event: 891.669 GC heap before
{Heap before GC invocations=151 (full 5):
 PSYoungGen      total 9728K, used 4608K [0x00000000eab00000, 0x00000000eb980000, 0x0000000100000000)
  eden space 4608K, 100% used [0x00000000eab00000,0x00000000eaf80000,0x00000000eaf80000)
  from space 5120K, 0% used [0x00000000eaf80000,0x00000000eaf80000,0x00000000eb480000)
  to   space 5120K, 0% used [0x00000000eb480000,0x00000000eb480000,0x00000000eb980000)
 ParOldGen       total 89600K, used 62611K [0x00000000c0000000, 0x00000000c5780000, 0x00000000eab00000)
  object space 89600K, 69% used [0x00000000c0000000,0x00000000c3d24c28,0x00000000c5780000)
 Metaspace       used 77437K, committed 78720K, reserved 1179648K
  class space    used 8198K, committed 8768K, reserved 1048576K
}
Event: 891.670 GC heap after
{Heap after GC invocations=151 (full 5):
 PSYoungGen      total 5120K, used 256K [0x00000000eab00000, 0x00000000eb500000, 0x0000000100000000)
  eden space 4608K, 0% used [0x00000000eab00000,0x00000000eab00000,0x00000000eaf80000)
  from space 512K, 50% used [0x00000000eb480000,0x00000000eb4c0000,0x00000000eb500000)
  to   space 2048K, 0% used [0x00000000eb100000,0x00000000eb100000,0x00000000eb300000)
 ParOldGen       total 89600K, used 62611K [0x00000000c0000000, 0x00000000c5780000, 0x00000000eab00000)
  object space 89600K, 69% used [0x00000000c0000000,0x00000000c3d24c28,0x00000000c5780000)
 Metaspace       used 77437K, committed 78720K, reserved 1179648K
  class space    used 8198K, committed 8768K, reserved 1048576K
}
Event: 891.683 GC heap before
{Heap before GC invocations=152 (full 5):
 PSYoungGen      total 5120K, used 4864K [0x00000000eab00000, 0x00000000eb500000, 0x0000000100000000)
  eden space 4608K, 100% used [0x00000000eab00000,0x00000000eaf80000,0x00000000eaf80000)
  from space 512K, 50% used [0x00000000eb480000,0x00000000eb4c0000,0x00000000eb500000)
  to   space 2048K, 0% used [0x00000000eb100000,0x00000000eb100000,0x00000000eb300000)
 ParOldGen       total 89600K, used 62611K [0x00000000c0000000, 0x00000000c5780000, 0x00000000eab00000)
  object space 89600K, 69% used [0x00000000c0000000,0x00000000c3d24c28,0x00000000c5780000)
 Metaspace       used 77439K, committed 78720K, reserved 1179648K
  class space    used 8198K, committed 8768K, reserved 1048576K
}
Event: 891.684 GC heap after
{Heap after GC invocations=152 (full 5):
 PSYoungGen      total 6656K, used 752K [0x00000000eab00000, 0x00000000eb500000, 0x0000000100000000)
  eden space 4608K, 0% used [0x00000000eab00000,0x00000000eab00000,0x00000000eaf80000)
  from space 2048K, 36% used [0x00000000eb100000,0x00000000eb1bc010,0x00000000eb300000)
  to   space 1024K, 0% used [0x00000000eb400000,0x00000000eb400000,0x00000000eb500000)
 ParOldGen       total 89600K, used 62747K [0x00000000c0000000, 0x00000000c5780000, 0x00000000eab00000)
  object space 89600K, 70% used [0x00000000c0000000,0x00000000c3d46d70,0x00000000c5780000)
 Metaspace       used 77439K, committed 78720K, reserved 1179648K
  class space    used 8198K, committed 8768K, reserved 1048576K
}
Event: 891.722 GC heap before
{Heap before GC invocations=153 (full 5):
 PSYoungGen      total 6656K, used 5360K [0x00000000eab00000, 0x00000000eb500000, 0x0000000100000000)
  eden space 4608K, 100% used [0x00000000eab00000,0x00000000eaf80000,0x00000000eaf80000)
  from space 2048K, 36% used [0x00000000eb100000,0x00000000eb1bc010,0x00000000eb300000)
  to   space 1024K, 0% used [0x00000000eb400000,0x00000000eb400000,0x00000000eb500000)
 ParOldGen       total 89600K, used 62747K [0x00000000c0000000, 0x00000000c5780000, 0x00000000eab00000)
  object space 89600K, 70% used [0x00000000c0000000,0x00000000c3d46d70,0x00000000c5780000)
 Metaspace       used 77501K, committed 78784K, reserved 1179648K
  class space    used 8198K, committed 8768K, reserved 1048576K
}
Event: 891.724 GC heap after
{Heap after GC invocations=153 (full 5):
 PSYoungGen      total 5632K, used 874K [0x00000000eab00000, 0x00000000eb500000, 0x0000000100000000)
  eden space 4608K, 0% used [0x00000000eab00000,0x00000000eab00000,0x00000000eaf80000)
  from space 1024K, 85% used [0x00000000eb400000,0x00000000eb4da910,0x00000000eb500000)
  to   space 1024K, 0% used [0x00000000eb300000,0x00000000eb300000,0x00000000eb400000)
 ParOldGen       total 89600K, used 63319K [0x00000000c0000000, 0x00000000c5780000, 0x00000000eab00000)
  object space 89600K, 70% used [0x00000000c0000000,0x00000000c3dd5cf8,0x00000000c5780000)
 Metaspace       used 77501K, committed 78784K, reserved 1179648K
  class space    used 8198K, committed 8768K, reserved 1048576K
}
Event: 891.744 GC heap before
{Heap before GC invocations=154 (full 5):
 PSYoungGen      total 5632K, used 5482K [0x00000000eab00000, 0x00000000eb500000, 0x0000000100000000)
  eden space 4608K, 100% used [0x00000000eab00000,0x00000000eaf80000,0x00000000eaf80000)
  from space 1024K, 85% used [0x00000000eb400000,0x00000000eb4da910,0x00000000eb500000)
  to   space 1024K, 0% used [0x00000000eb300000,0x00000000eb300000,0x00000000eb400000)
 ParOldGen       total 89600K, used 63319K [0x00000000c0000000, 0x00000000c5780000, 0x00000000eab00000)
  object space 89600K, 70% used [0x00000000c0000000,0x00000000c3dd5cf8,0x00000000c5780000)
 Metaspace       used 77511K, committed 78784K, reserved 1179648K
  class space    used 8198K, committed 8768K, reserved 1048576K
}
Event: 891.746 GC heap after
{Heap after GC invocations=154 (full 5):
 PSYoungGen      total 5632K, used 704K [0x00000000eab00000, 0x00000000eb480000, 0x0000000100000000)
  eden space 4608K, 0% used [0x00000000eab00000,0x00000000eab00000,0x00000000eaf80000)
  from space 1024K, 68% used [0x00000000eb300000,0x00000000eb3b0000,0x00000000eb400000)
  to   space 512K, 0% used [0x00000000eb400000,0x00000000eb400000,0x00000000eb480000)
 ParOldGen       total 89600K, used 64095K [0x00000000c0000000, 0x00000000c5780000, 0x00000000eab00000)
  object space 89600K, 71% used [0x00000000c0000000,0x00000000c3e97e60,0x00000000c5780000)
 Metaspace       used 77511K, committed 78784K, reserved 1179648K
  class space    used 8198K, committed 8768K, reserved 1048576K
}
Event: 916.813 GC heap before
{Heap before GC invocations=155 (full 5):
 PSYoungGen      total 5632K, used 5311K [0x00000000eab00000, 0x00000000eb480000, 0x0000000100000000)
  eden space 4608K, 99% used [0x00000000eab00000,0x00000000eaf7fff8,0x00000000eaf80000)
  from space 1024K, 68% used [0x00000000eb300000,0x00000000eb3b0000,0x00000000eb400000)
  to   space 512K, 0% used [0x00000000eb400000,0x00000000eb400000,0x00000000eb480000)
 ParOldGen       total 89600K, used 64095K [0x00000000c0000000, 0x00000000c5780000, 0x00000000eab00000)
  object space 89600K, 71% used [0x00000000c0000000,0x00000000c3e97e60,0x00000000c5780000)
 Metaspace       used 77546K, committed 78848K, reserved 1179648K
  class space    used 8198K, committed 8768K, reserved 1048576K
}
Event: 916.814 GC heap after
{Heap after GC invocations=155 (full 5):
 PSYoungGen      total 5120K, used 512K [0x00000000eab00000, 0x00000000eb480000, 0x0000000100000000)
  eden space 4608K, 0% used [0x00000000eab00000,0x00000000eab00000,0x00000000eaf80000)
  from space 512K, 100% used [0x00000000eb400000,0x00000000eb480000,0x00000000eb480000)
  to   space 1024K, 0% used [0x00000000eb280000,0x00000000eb280000,0x00000000eb380000)
 ParOldGen       total 89600K, used 64735K [0x00000000c0000000, 0x00000000c5780000, 0x00000000eab00000)
  object space 89600K, 72% used [0x00000000c0000000,0x00000000c3f37e80,0x00000000c5780000)
 Metaspace       used 77546K, committed 78848K, reserved 1179648K
  class space    used 8198K, committed 8768K, reserved 1048576K
}
Event: 951.577 GC heap before
{Heap before GC invocations=156 (full 5):
 PSYoungGen      total 5120K, used 5120K [0x00000000eab00000, 0x00000000eb480000, 0x0000000100000000)
  eden space 4608K, 100% used [0x00000000eab00000,0x00000000eaf80000,0x00000000eaf80000)
  from space 512K, 100% used [0x00000000eb400000,0x00000000eb480000,0x00000000eb480000)
  to   space 1024K, 0% used [0x00000000eb280000,0x00000000eb280000,0x00000000eb380000)
 ParOldGen       total 89600K, used 64735K [0x00000000c0000000, 0x00000000c5780000, 0x00000000eab00000)
  object space 89600K, 72% used [0x00000000c0000000,0x00000000c3f37e80,0x00000000c5780000)
 Metaspace       used 77572K, committed 78848K, reserved 1179648K
  class space    used 8199K, committed 8768K, reserved 1048576K
}
Event: 951.580 GC heap after
{Heap after GC invocations=156 (full 5):
 PSYoungGen      total 5632K, used 612K [0x00000000eab00000, 0x00000000eb480000, 0x0000000100000000)
  eden space 4608K, 0% used [0x00000000eab00000,0x00000000eab00000,0x00000000eaf80000)
  from space 1024K, 59% used [0x00000000eb280000,0x00000000eb319230,0x00000000eb380000)
  to   space 1024K, 0% used [0x00000000eb380000,0x00000000eb380000,0x00000000eb480000)
 ParOldGen       total 89600K, used 65149K [0x00000000c0000000, 0x00000000c5780000, 0x00000000eab00000)
  object space 89600K, 72% used [0x00000000c0000000,0x00000000c3f9f600,0x00000000c5780000)
 Metaspace       used 77572K, committed 78848K, reserved 1179648K
  class space    used 8199K, committed 8768K, reserved 1048576K
}
Event: 951.631 GC heap before
{Heap before GC invocations=157 (full 5):
 PSYoungGen      total 5632K, used 5220K [0x00000000eab00000, 0x00000000eb480000, 0x0000000100000000)
  eden space 4608K, 100% used [0x00000000eab00000,0x00000000eaf80000,0x00000000eaf80000)
  from space 1024K, 59% used [0x00000000eb280000,0x00000000eb319230,0x00000000eb380000)
  to   space 1024K, 0% used [0x00000000eb380000,0x00000000eb380000,0x00000000eb480000)
 ParOldGen       total 89600K, used 65149K [0x00000000c0000000, 0x00000000c5780000, 0x00000000eab00000)
  object space 89600K, 72% used [0x00000000c0000000,0x00000000c3f9f600,0x00000000c5780000)
 Metaspace       used 77587K, committed 78848K, reserved 1179648K
  class space    used 8199K, committed 8768K, reserved 1048576K
}
Event: 951.633 GC heap after
{Heap after GC invocations=157 (full 5):
 PSYoungGen      total 5632K, used 608K [0x00000000eab00000, 0x00000000eb480000, 0x0000000100000000)
  eden space 4608K, 0% used [0x00000000eab00000,0x00000000eab00000,0x00000000eaf80000)
  from space 1024K, 59% used [0x00000000eb380000,0x00000000eb418000,0x00000000eb480000)
  to   space 1024K, 0% used [0x00000000eb280000,0x00000000eb280000,0x00000000eb380000)
 ParOldGen       total 89600K, used 65653K [0x00000000c0000000, 0x00000000c5780000, 0x00000000eab00000)
  object space 89600K, 73% used [0x00000000c0000000,0x00000000c401d788,0x00000000c5780000)
 Metaspace       used 77587K, committed 78848K, reserved 1179648K
  class space    used 8199K, committed 8768K, reserved 1048576K
}

Dll operation events (11 events):
Event: 0.020 Loaded shared library c:\Users\Safegold\.cursor\extensions\redhat.java-1.37.0-win32-x64\jre\17.0.13-win32-x86_64\bin\java.dll
Event: 0.496 Loaded shared library c:\Users\Safegold\.cursor\extensions\redhat.java-1.37.0-win32-x64\jre\17.0.13-win32-x86_64\bin\zip.dll
Event: 0.504 Loaded shared library C:\Users\Safegold\.cursor\extensions\redhat.java-1.37.0-win32-x64\jre\17.0.13-win32-x86_64\bin\instrument.dll
Event: 0.526 Loaded shared library C:\Users\Safegold\.cursor\extensions\redhat.java-1.37.0-win32-x64\jre\17.0.13-win32-x86_64\bin\net.dll
Event: 0.531 Loaded shared library C:\Users\Safegold\.cursor\extensions\redhat.java-1.37.0-win32-x64\jre\17.0.13-win32-x86_64\bin\nio.dll
Event: 0.553 Loaded shared library C:\Users\Safegold\.cursor\extensions\redhat.java-1.37.0-win32-x64\jre\17.0.13-win32-x86_64\bin\zip.dll
Event: 0.636 Loaded shared library C:\Users\Safegold\.cursor\extensions\redhat.java-1.37.0-win32-x64\jre\17.0.13-win32-x86_64\bin\jimage.dll
Event: 0.768 Loaded shared library c:\Users\Safegold\.cursor\extensions\redhat.java-1.37.0-win32-x64\jre\17.0.13-win32-x86_64\bin\verify.dll
Event: 3.646 Loaded shared library C:\Users\Safegold\AppData\Roaming\Cursor\User\globalStorage\redhat.java\1.37.0\config_win\org.eclipse.equinox.launcher\org.eclipse.equinox.launcher.win32.win32.x86_64_1.2.1100.v20240722-2106\eclipse_11904.dll
Event: 6.613 Loaded shared library C:\Users\Safegold\AppData\Local\Temp\jna-1829508493\jna18027247338969706599.dll
Event: 462.855 Loaded shared library C:\Users\Safegold\.cursor\extensions\redhat.java-1.37.0-win32-x64\jre\17.0.13-win32-x86_64\bin\extnet.dll

Deoptimization events (20 events):
Event: 849.419 Thread 0x000001d27dd44890 DEOPT PACKING pc=0x000001d260e6e008 sp=0x000000b537dfe050
Event: 849.419 Thread 0x000001d27dd44890 DEOPT UNPACKING pc=0x000001d2601466a3 sp=0x000000b537dfdfc8 mode 2
Event: 849.443 Thread 0x000001d27dd44890 DEOPT PACKING pc=0x000001d259f26f90 sp=0x000000b537dfd040
Event: 849.443 Thread 0x000001d27dd44890 DEOPT UNPACKING pc=0x000001d260146e43 sp=0x000000b537dfc478 mode 0
Event: 862.118 Thread 0x000001d27dd44890 DEOPT PACKING pc=0x000001d259fe39f2 sp=0x000000b537dfe210
Event: 862.118 Thread 0x000001d27dd44890 DEOPT UNPACKING pc=0x000001d260146e43 sp=0x000000b537dfd6a0 mode 0
Event: 863.059 Thread 0x000001d27dd44890 DEOPT PACKING pc=0x000001d25a22174b sp=0x000000b537dfe060
Event: 863.060 Thread 0x000001d27dd44890 DEOPT UNPACKING pc=0x000001d260146e43 sp=0x000000b537dfd4c8 mode 0
Event: 891.404 Thread 0x000001d27dd415f0 Uncommon trap: trap_request=0xffffffe4 fr.pc=0x000001d260a85a6c relative=0x00000000000009ec
Event: 891.404 Thread 0x000001d27dd415f0 Uncommon trap: reason=range_check action=make_not_entrant pc=0x000001d260a85a6c method=org.eclipse.jdt.internal.compiler.parser.Scanner.pushLineSeparator()V @ 104 c2
Event: 891.404 Thread 0x000001d27dd415f0 DEOPT PACKING pc=0x000001d260a85a6c sp=0x000000b537bfe940
Event: 891.404 Thread 0x000001d27dd415f0 DEOPT UNPACKING pc=0x000001d2601466a3 sp=0x000000b537bfe840 mode 2
Event: 916.819 Thread 0x000001d2723a4070 Uncommon trap: trap_request=0xffffff45 fr.pc=0x000001d260dc57c0 relative=0x00000000000002a0
Event: 916.819 Thread 0x000001d2723a4070 Uncommon trap: reason=unstable_if action=reinterpret pc=0x000001d260dc57c0 method=org.eclipse.jdt.internal.core.PackageFragment.equals(Ljava/lang/Object;)Z @ 11 c2
Event: 916.819 Thread 0x000001d2723a4070 DEOPT PACKING pc=0x000001d260dc57c0 sp=0x000000b538efe100
Event: 916.819 Thread 0x000001d2723a4070 DEOPT UNPACKING pc=0x000001d2601466a3 sp=0x000000b538efe0b8 mode 2
Event: 951.584 Thread 0x000001d27dd44890 Uncommon trap: trap_request=0xffffff6e fr.pc=0x000001d260eb3bd4 relative=0x0000000000000394
Event: 951.584 Thread 0x000001d27dd44890 Uncommon trap: reason=loop_limit_check action=maybe_recompile pc=0x000001d260eb3bd4 method=org.eclipse.jdt.internal.compiler.lookup.BinaryTypeBinding.createMethods([Lorg/eclipse/jdt/internal/compiler/env/IBinaryMethod;Lorg/eclipse/jdt/internal/compiler/en
Event: 951.584 Thread 0x000001d27dd44890 DEOPT PACKING pc=0x000001d260eb3bd4 sp=0x000000b537dfd7a0
Event: 951.584 Thread 0x000001d27dd44890 DEOPT UNPACKING pc=0x000001d2601466a3 sp=0x000000b537dfd778 mode 2

Classes loaded (20 events):
Event: 466.824 Loading class java/util/concurrent/CompletableFuture$AsyncRun
Event: 466.824 Loading class java/util/concurrent/CompletableFuture$AsyncRun done
Event: 466.824 Loading class java/util/concurrent/ForkJoinPool$DefaultForkJoinWorkerThreadFactory$1
Event: 466.824 Loading class java/util/concurrent/ForkJoinPool$DefaultForkJoinWorkerThreadFactory$1 done
Event: 466.825 Loading class java/util/concurrent/CompletableFuture$BiRelay
Event: 466.825 Loading class java/util/concurrent/CompletableFuture$BiCompletion
Event: 466.825 Loading class java/util/concurrent/CompletableFuture$BiCompletion done
Event: 466.825 Loading class java/util/concurrent/CompletableFuture$BiRelay done
Event: 466.825 Loading class java/util/concurrent/CompletableFuture$CoCompletion
Event: 466.825 Loading class java/util/concurrent/CompletableFuture$CoCompletion done
Event: 467.875 Loading class java/util/concurrent/CompletableFuture$AsyncSupply
Event: 467.876 Loading class java/util/concurrent/CompletableFuture$AsyncSupply done
Event: 467.878 Loading class java/util/concurrent/CompletableFuture$UniCompose
Event: 467.878 Loading class java/util/concurrent/CompletableFuture$UniCompose done
Event: 467.879 Loading class java/util/concurrent/CompletableFuture$UniWhenComplete
Event: 467.880 Loading class java/util/concurrent/CompletableFuture$UniWhenComplete done
Event: 468.315 Loading class java/util/concurrent/CompletableFuture$UniRelay
Event: 468.315 Loading class java/util/concurrent/CompletableFuture$UniRelay done
Event: 469.775 Loading class jdk/internal/reflect/UnsafeLongFieldAccessorImpl
Event: 469.775 Loading class jdk/internal/reflect/UnsafeLongFieldAccessorImpl done

Classes unloaded (17 events):
Event: 9.065 Thread 0x000001d255fdec00 Unloading class 0x0000000100250000 'java/lang/invoke/LambdaForm$MH+0x0000000100250000'
Event: 9.065 Thread 0x000001d255fdec00 Unloading class 0x000000010024fc00 'java/lang/invoke/LambdaForm$MH+0x000000010024fc00'
Event: 9.065 Thread 0x000001d255fdec00 Unloading class 0x000000010024f800 'java/lang/invoke/LambdaForm$MH+0x000000010024f800'
Event: 9.065 Thread 0x000001d255fdec00 Unloading class 0x000000010024f400 'java/lang/invoke/LambdaForm$MH+0x000000010024f400'
Event: 9.065 Thread 0x000001d255fdec00 Unloading class 0x000000010024f000 'java/lang/invoke/LambdaForm$BMH+0x000000010024f000'
Event: 9.065 Thread 0x000001d255fdec00 Unloading class 0x000000010024ec00 'java/lang/invoke/LambdaForm$DMH+0x000000010024ec00'
Event: 9.065 Thread 0x000001d255fdec00 Unloading class 0x000000010024c400 'java/lang/invoke/LambdaForm$DMH+0x000000010024c400'
Event: 33.250 Thread 0x000001d255fdec00 Unloading class 0x000000010066e400 'java/lang/invoke/LambdaForm$MH+0x000000010066e400'
Event: 33.250 Thread 0x000001d255fdec00 Unloading class 0x000000010066e000 'java/lang/invoke/LambdaForm$MH+0x000000010066e000'
Event: 33.250 Thread 0x000001d255fdec00 Unloading class 0x000000010066dc00 'java/lang/invoke/LambdaForm$MH+0x000000010066dc00'
Event: 33.250 Thread 0x000001d255fdec00 Unloading class 0x000000010066d400 'java/lang/invoke/LambdaForm$DMH+0x000000010066d400'
Event: 33.251 Thread 0x000001d255fdec00 Unloading class 0x000000010066cc00 'java/lang/invoke/LambdaForm$DMH+0x000000010066cc00'
Event: 33.251 Thread 0x000001d255fdec00 Unloading class 0x000000010066d000 'java/lang/invoke/LambdaForm$DMH+0x000000010066d000'
Event: 889.497 Thread 0x000001d255fdec00 Unloading class 0x0000000100894400 'java/lang/invoke/LambdaForm$DMH+0x0000000100894400'
Event: 889.497 Thread 0x000001d255fdec00 Unloading class 0x00000001007bd400 'java/lang/invoke/LambdaForm$DMH+0x00000001007bd400'
Event: 889.497 Thread 0x000001d255fdec00 Unloading class 0x00000001007a4400 'java/lang/invoke/LambdaForm$DMH+0x00000001007a4400'
Event: 889.497 Thread 0x000001d255fdec00 Unloading class 0x0000000100788400 'java/lang/invoke/LambdaForm$DMH+0x0000000100788400'

Classes redefined (0 events):
No events

Internal exceptions (20 events):
Event: 891.733 Thread 0x000001d2723a0dd0 Implicit null exception at 0x000001d25a0eba49 to 0x000001d25a0ecd84
Event: 891.733 Thread 0x000001d2723a0dd0 Exception <a 'java/lang/NullPointerException'{0x00000000ead2c9c0}> (0x00000000ead2c9c0) 
thrown [s\src\hotspot\share\runtime\sharedRuntime.cpp, line 631]
Event: 891.733 Thread 0x000001d2723a0dd0 Implicit null exception at 0x000001d25a0eba49 to 0x000001d25a0ecd84
Event: 891.733 Thread 0x000001d2723a0dd0 Exception <a 'java/lang/NullPointerException'{0x00000000ead2e638}> (0x00000000ead2e638) 
thrown [s\src\hotspot\share\runtime\sharedRuntime.cpp, line 631]
Event: 891.733 Thread 0x000001d2723a0dd0 Implicit null exception at 0x000001d25a0eba49 to 0x000001d25a0ecd84
Event: 891.733 Thread 0x000001d2723a0dd0 Exception <a 'java/lang/NullPointerException'{0x00000000ead36688}> (0x00000000ead36688) 
thrown [s\src\hotspot\share\runtime\sharedRuntime.cpp, line 631]
Event: 891.733 Thread 0x000001d2723a0dd0 Implicit null exception at 0x000001d25a0eba49 to 0x000001d25a0ecd84
Event: 891.733 Thread 0x000001d2723a0dd0 Exception <a 'java/lang/NullPointerException'{0x00000000ead38018}> (0x00000000ead38018) 
thrown [s\src\hotspot\share\runtime\sharedRuntime.cpp, line 631]
Event: 891.733 Thread 0x000001d2723a0dd0 Implicit null exception at 0x000001d25a0eba49 to 0x000001d25a0ecd84
Event: 891.733 Thread 0x000001d2723a0dd0 Exception <a 'java/lang/NullPointerException'{0x00000000ead41358}> (0x00000000ead41358) 
thrown [s\src\hotspot\share\runtime\sharedRuntime.cpp, line 631]
Event: 891.733 Thread 0x000001d2723a0dd0 Implicit null exception at 0x000001d25a0eba49 to 0x000001d25a0ecd84
Event: 891.733 Thread 0x000001d2723a0dd0 Exception <a 'java/lang/NullPointerException'{0x00000000ead42cd0}> (0x00000000ead42cd0) 
thrown [s\src\hotspot\share\runtime\sharedRuntime.cpp, line 631]
Event: 891.733 Thread 0x000001d2723a0dd0 Implicit null exception at 0x000001d25a0eba49 to 0x000001d25a0ecd84
Event: 891.734 Thread 0x000001d2723a0dd0 Exception <a 'java/lang/NullPointerException'{0x00000000ead4afc8}> (0x00000000ead4afc8) 
thrown [s\src\hotspot\share\runtime\sharedRuntime.cpp, line 631]
Event: 891.734 Thread 0x000001d2723a0dd0 Implicit null exception at 0x000001d25a0eba49 to 0x000001d25a0ecd84
Event: 891.734 Thread 0x000001d2723a0dd0 Exception <a 'java/lang/NullPointerException'{0x00000000ead4c958}> (0x00000000ead4c958) 
thrown [s\src\hotspot\share\runtime\sharedRuntime.cpp, line 631]
Event: 891.734 Thread 0x000001d2723a0dd0 Implicit null exception at 0x000001d25a0eba49 to 0x000001d25a0ecd84
Event: 891.734 Thread 0x000001d2723a0dd0 Exception <a 'java/lang/NullPointerException'{0x00000000ead54c18}> (0x00000000ead54c18) 
thrown [s\src\hotspot\share\runtime\sharedRuntime.cpp, line 631]
Event: 891.734 Thread 0x000001d2723a0dd0 Implicit null exception at 0x000001d25a0eba49 to 0x000001d25a0ecd84
Event: 891.734 Thread 0x000001d2723a0dd0 Exception <a 'java/lang/NullPointerException'{0x00000000ead568a0}> (0x00000000ead568a0) 
thrown [s\src\hotspot\share\runtime\sharedRuntime.cpp, line 631]

VM Operations (20 events):
Event: 891.669 Executing VM operation: ParallelGCFailedAllocation
Event: 891.670 Executing VM operation: ParallelGCFailedAllocation done
Event: 891.683 Executing VM operation: ParallelGCFailedAllocation
Event: 891.685 Executing VM operation: ParallelGCFailedAllocation done
Event: 891.722 Executing VM operation: ParallelGCFailedAllocation
Event: 891.724 Executing VM operation: ParallelGCFailedAllocation done
Event: 891.744 Executing VM operation: ParallelGCFailedAllocation
Event: 891.746 Executing VM operation: ParallelGCFailedAllocation done
Event: 892.759 Executing VM operation: Cleanup
Event: 892.759 Executing VM operation: Cleanup done
Event: 902.416 Executing VM operation: HandshakeAllThreads
Event: 902.416 Executing VM operation: HandshakeAllThreads done
Event: 916.812 Executing VM operation: ParallelGCFailedAllocation
Event: 916.814 Executing VM operation: ParallelGCFailedAllocation done
Event: 917.814 Executing VM operation: Cleanup
Event: 917.814 Executing VM operation: Cleanup done
Event: 951.577 Executing VM operation: ParallelGCFailedAllocation
Event: 951.580 Executing VM operation: ParallelGCFailedAllocation done
Event: 951.631 Executing VM operation: ParallelGCFailedAllocation
Event: 951.633 Executing VM operation: ParallelGCFailedAllocation done

Memory protections (0 events):
No events

Nmethod flushes (20 events):
Event: 696.492 Thread 0x000001d26eeb0100 flushing  nmethod 0x000001d25a011d10
Event: 696.492 Thread 0x000001d26eeb0100 flushing  nmethod 0x000001d25a073310
Event: 696.492 Thread 0x000001d26eeb0100 flushing  nmethod 0x000001d25a07ed90
Event: 696.492 Thread 0x000001d26eeb0100 flushing  nmethod 0x000001d25a09ce10
Event: 696.492 Thread 0x000001d26eeb0100 flushing  nmethod 0x000001d25a0ae790
Event: 696.492 Thread 0x000001d26eeb0100 flushing  nmethod 0x000001d25a0b4e90
Event: 696.492 Thread 0x000001d26eeb0100 flushing  nmethod 0x000001d25a0ba210
Event: 696.492 Thread 0x000001d26eeb0100 flushing  nmethod 0x000001d25a0dc810
Event: 696.492 Thread 0x000001d26eeb0100 flushing  nmethod 0x000001d25a0e3310
Event: 696.492 Thread 0x000001d26eeb0100 flushing  nmethod 0x000001d25a100690
Event: 696.492 Thread 0x000001d26eeb0100 flushing  nmethod 0x000001d25a106510
Event: 696.492 Thread 0x000001d26eeb0100 flushing  nmethod 0x000001d25a10b110
Event: 696.492 Thread 0x000001d26eeb0100 flushing  nmethod 0x000001d25a10c790
Event: 696.493 Thread 0x000001d26eeb0100 flushing  nmethod 0x000001d25a15dc10
Event: 696.493 Thread 0x000001d26eeb0100 flushing  nmethod 0x000001d25a16e790
Event: 696.493 Thread 0x000001d26eeb0100 flushing  nmethod 0x000001d25a173f90
Event: 696.493 Thread 0x000001d26eeb0100 flushing  nmethod 0x000001d25a176610
Event: 696.493 Thread 0x000001d26eeb0100 flushing  nmethod 0x000001d25a19ac10
Event: 696.493 Thread 0x000001d26eeb0100 flushing  nmethod 0x000001d25a1d7190
Event: 696.493 Thread 0x000001d26eeb0100 flushing  nmethod 0x000001d25a1e3490

Events (20 events):
Event: 696.855 Thread 0x000001d2737c3f60 Thread added: 0x000001d2737c4f50
Event: 698.301 Thread 0x000001d2737c4f50 Thread exited: 0x000001d2737c4f50
Event: 698.301 Thread 0x000001d2737c3f60 Thread exited: 0x000001d2737c3f60
Event: 709.790 Thread 0x000001d27dd415f0 Thread exited: 0x000001d27dd415f0
Event: 769.805 Thread 0x000001d27dd41b00 Thread exited: 0x000001d27dd41b00
Event: 829.811 Thread 0x000001d27dd461e0 Thread exited: 0x000001d27dd461e0
Event: 840.956 Thread 0x000001d26eeac8c0 Thread added: 0x000001d2737c4a00
Event: 840.959 Thread 0x000001d2723a59c0 Thread added: 0x000001d27dd42f40
Event: 840.960 Thread 0x000001d2723a08c0 Thread added: 0x000001d27dd415f0
Event: 840.961 Thread 0x000001d27dd415f0 Thread added: 0x000001d27dd44890
Event: 842.423 Thread 0x000001d2737c4a00 Thread exited: 0x000001d2737c4a00
Event: 849.444 Thread 0x000001d26eeac8c0 Thread added: 0x000001d2737c54a0
Event: 850.332 Thread 0x000001d2737c54a0 Thread exited: 0x000001d2737c54a0
Event: 861.834 Thread 0x000001d26eeac8c0 Thread added: 0x000001d2737c24d0
Event: 862.115 Thread 0x000001d2737c24d0 Thread exited: 0x000001d2737c24d0
Event: 889.826 Thread 0x000001d27dd410e0 Thread exited: 0x000001d27dd410e0
Event: 891.699 Thread 0x000001d26ee47650 Thread added: 0x000001d2737c44b0
Event: 897.746 Thread 0x000001d2737c44b0 Thread exited: 0x000001d2737c44b0
Event: 949.827 Thread 0x000001d27dd457c0 Thread exited: 0x000001d27dd457c0
Event: 951.691 Thread 0x000001d26eeac8c0 Thread added: 0x000001d2737c34c0


Dynamic libraries:
0x00007ff7d6830000 - 0x00007ff7d683e000 	c:\Users\Safegold\.cursor\extensions\redhat.java-1.37.0-win32-x64\jre\17.0.13-win32-x86_64\bin\java.exe
0x00007ffdd8b80000 - 0x00007ffdd8de3000 	C:\WINDOWS\SYSTEM32\ntdll.dll
0x00007ffdd7c30000 - 0x00007ffdd7cf8000 	C:\WINDOWS\System32\KERNEL32.DLL
0x00007ffdd6440000 - 0x00007ffdd67f2000 	C:\WINDOWS\System32\KERNELBASE.dll
0x00007ffdd6890000 - 0x00007ffdd69db000 	C:\WINDOWS\System32\ucrtbase.dll
0x00007ffdc6350000 - 0x00007ffdc6367000 	c:\Users\Safegold\.cursor\extensions\redhat.java-1.37.0-win32-x64\jre\17.0.13-win32-x86_64\bin\jli.dll
0x00007ffdd88c0000 - 0x00007ffdd8a88000 	C:\WINDOWS\System32\USER32.dll
0x00007ffdd6410000 - 0x00007ffdd6437000 	C:\WINDOWS\System32\win32u.dll
0x00007ffdd6f90000 - 0x00007ffdd6fba000 	C:\WINDOWS\System32\GDI32.dll
0x00007ffdd6160000 - 0x00007ffdd628b000 	C:\WINDOWS\System32\gdi32full.dll
0x00007ffdd60b0000 - 0x00007ffdd6153000 	C:\WINDOWS\System32\msvcp_win.dll
0x00007ffdc5f70000 - 0x00007ffdc5f8e000 	c:\Users\Safegold\.cursor\extensions\redhat.java-1.37.0-win32-x64\jre\17.0.13-win32-x86_64\bin\VCRUNTIME140.dll
0x00007ffdb2d40000 - 0x00007ffdb2fd0000 	C:\WINDOWS\WinSxS\amd64_microsoft.windows.common-controls_6595b64144ccf1df_6.0.26100.2454_none_3e0b68a2e331ad60\COMCTL32.dll
0x00007ffdd8a90000 - 0x00007ffdd8b39000 	C:\WINDOWS\System32\msvcrt.dll
0x00007ffdd78e0000 - 0x00007ffdd790f000 	C:\WINDOWS\System32\IMM32.DLL
0x00007ffdcf960000 - 0x00007ffdcf96c000 	c:\Users\Safegold\.cursor\extensions\redhat.java-1.37.0-win32-x64\jre\17.0.13-win32-x86_64\bin\vcruntime140_1.dll
0x00007ffdc1dd0000 - 0x00007ffdc1e5d000 	c:\Users\Safegold\.cursor\extensions\redhat.java-1.37.0-win32-x64\jre\17.0.13-win32-x86_64\bin\msvcp140.dll
0x00007ffd6e340000 - 0x00007ffd6efab000 	c:\Users\Safegold\.cursor\extensions\redhat.java-1.37.0-win32-x64\jre\17.0.13-win32-x86_64\bin\server\jvm.dll
0x00007ffdd87b0000 - 0x00007ffdd8864000 	C:\WINDOWS\System32\ADVAPI32.dll
0x00007ffdd7b60000 - 0x00007ffdd7c06000 	C:\WINDOWS\System32\sechost.dll
0x00007ffdd7d80000 - 0x00007ffdd7e96000 	C:\WINDOWS\System32\RPCRT4.dll
0x00007ffdd7d00000 - 0x00007ffdd7d74000 	C:\WINDOWS\System32\WS2_32.dll
0x00007ffdd5de0000 - 0x00007ffdd5e2e000 	C:\WINDOWS\SYSTEM32\POWRPROF.dll
0x00007ffdb9460000 - 0x00007ffdb9496000 	C:\WINDOWS\SYSTEM32\WINMM.dll
0x00007ffdcb080000 - 0x00007ffdcb08b000 	C:\WINDOWS\SYSTEM32\VERSION.dll
0x00007ffdd5dc0000 - 0x00007ffdd5dd4000 	C:\WINDOWS\SYSTEM32\UMPDC.dll
0x00007ffdd4d60000 - 0x00007ffdd4d7a000 	C:\WINDOWS\SYSTEM32\kernel.appcore.dll
0x00007ffdc73f0000 - 0x00007ffdc73fa000 	c:\Users\Safegold\.cursor\extensions\redhat.java-1.37.0-win32-x64\jre\17.0.13-win32-x86_64\bin\jimage.dll
0x00007ffdd3430000 - 0x00007ffdd3671000 	C:\WINDOWS\SYSTEM32\DBGHELP.DLL
0x00007ffdd6aa0000 - 0x00007ffdd6e1e000 	C:\WINDOWS\System32\combase.dll
0x00007ffdd79a0000 - 0x00007ffdd7a76000 	C:\WINDOWS\System32\OLEAUT32.dll
0x00007ffda7310000 - 0x00007ffda7349000 	C:\WINDOWS\SYSTEM32\dbgcore.DLL
0x00007ffdd5f50000 - 0x00007ffdd5fe9000 	C:\WINDOWS\System32\bcryptPrimitives.dll
0x00007ffdc65c0000 - 0x00007ffdc65ce000 	c:\Users\Safegold\.cursor\extensions\redhat.java-1.37.0-win32-x64\jre\17.0.13-win32-x86_64\bin\instrument.dll
0x00007ffdc1ec0000 - 0x00007ffdc1ee5000 	c:\Users\Safegold\.cursor\extensions\redhat.java-1.37.0-win32-x64\jre\17.0.13-win32-x86_64\bin\java.dll
0x00007ffdc5e40000 - 0x00007ffdc5e58000 	c:\Users\Safegold\.cursor\extensions\redhat.java-1.37.0-win32-x64\jre\17.0.13-win32-x86_64\bin\zip.dll
0x00007ffdd7000000 - 0x00007ffdd7700000 	C:\WINDOWS\System32\SHELL32.dll
0x00007ffdd3c40000 - 0x00007ffdd4471000 	C:\WINDOWS\SYSTEM32\windows.storage.dll
0x00007ffdd83c0000 - 0x00007ffdd849a000 	C:\WINDOWS\System32\SHCORE.dll
0x00007ffdd7b00000 - 0x00007ffdd7b5d000 	C:\WINDOWS\System32\shlwapi.dll
0x00007ffdd5e60000 - 0x00007ffdd5e8e000 	C:\WINDOWS\SYSTEM32\profapi.dll
0x00007ffdc0d10000 - 0x00007ffdc0d29000 	C:\Users\Safegold\.cursor\extensions\redhat.java-1.37.0-win32-x64\jre\17.0.13-win32-x86_64\bin\net.dll
0x00007ffdc5a80000 - 0x00007ffdc5ba6000 	C:\WINDOWS\SYSTEM32\WINHTTP.dll
0x00007ffdd5250000 - 0x00007ffdd52b8000 	C:\WINDOWS\system32\mswsock.dll
0x00007ffdc0cf0000 - 0x00007ffdc0d06000 	C:\Users\Safegold\.cursor\extensions\redhat.java-1.37.0-win32-x64\jre\17.0.13-win32-x86_64\bin\nio.dll
0x00007ffdc65b0000 - 0x00007ffdc65c0000 	c:\Users\Safegold\.cursor\extensions\redhat.java-1.37.0-win32-x64\jre\17.0.13-win32-x86_64\bin\verify.dll
0x00007ffdbd240000 - 0x00007ffdbd285000 	C:\Users\Safegold\AppData\Roaming\Cursor\User\globalStorage\redhat.java\1.37.0\config_win\org.eclipse.equinox.launcher\org.eclipse.equinox.launcher.win32.win32.x86_64_1.2.1100.v20240722-2106\eclipse_11904.dll
0x00007ffdd8610000 - 0x00007ffdd87a9000 	C:\WINDOWS\System32\ole32.dll
0x00007ffdd5530000 - 0x00007ffdd554c000 	C:\WINDOWS\SYSTEM32\CRYPTSP.dll
0x00007ffdd4cc0000 - 0x00007ffdd4cf8000 	C:\WINDOWS\system32\rsaenh.dll
0x00007ffdd5310000 - 0x00007ffdd533b000 	C:\WINDOWS\SYSTEM32\USERENV.dll
0x00007ffdd5770000 - 0x00007ffdd5796000 	C:\WINDOWS\SYSTEM32\bcrypt.dll
0x00007ffdd5550000 - 0x00007ffdd555c000 	C:\WINDOWS\SYSTEM32\CRYPTBASE.dll
0x00007ffdd4770000 - 0x00007ffdd47a2000 	C:\WINDOWS\SYSTEM32\IPHLPAPI.DLL
0x00007ffdd7c10000 - 0x00007ffdd7c1a000 	C:\WINDOWS\System32\NSI.dll
0x00007ffdc5970000 - 0x00007ffdc598e000 	C:\WINDOWS\SYSTEM32\dhcpcsvc6.DLL
0x00007ffdc5940000 - 0x00007ffdc5965000 	C:\WINDOWS\SYSTEM32\dhcpcsvc.DLL
0x00007ffdd4800000 - 0x00007ffdd4925000 	C:\WINDOWS\SYSTEM32\DNSAPI.dll
0x00007ffdbd120000 - 0x00007ffdbd169000 	C:\Users\Safegold\AppData\Local\Temp\jna-1829508493\jna18027247338969706599.dll
0x00007ffdd7c20000 - 0x00007ffdd7c28000 	C:\WINDOWS\System32\PSAPI.DLL
0x00007ffdc0190000 - 0x00007ffdc0199000 	C:\Users\Safegold\.cursor\extensions\redhat.java-1.37.0-win32-x64\jre\17.0.13-win32-x86_64\bin\extnet.dll
0x00007ffdc38f0000 - 0x00007ffdc38fb000 	C:\Windows\System32\rasadhlp.dll
0x00007ffdc4000000 - 0x00007ffdc4085000 	C:\WINDOWS\System32\fwpuclnt.dll

dbghelp: loaded successfully - version: 4.0.5 - missing functions: none
symbol engine: initialized successfully - sym options: 0x614 - pdb path: .;c:\Users\Safegold\.cursor\extensions\redhat.java-1.37.0-win32-x64\jre\17.0.13-win32-x86_64\bin;C:\WINDOWS\SYSTEM32;C:\WINDOWS\WinSxS\amd64_microsoft.windows.common-controls_6595b64144ccf1df_6.0.26100.2454_none_3e0b68a2e331ad60;c:\Users\Safegold\.cursor\extensions\redhat.java-1.37.0-win32-x64\jre\17.0.13-win32-x86_64\bin\server;C:\Users\Safegold\AppData\Roaming\Cursor\User\globalStorage\redhat.java\1.37.0\config_win\org.eclipse.equinox.launcher\org.eclipse.equinox.launcher.win32.win32.x86_64_1.2.1100.v20240722-2106;C:\Users\Safegold\AppData\Local\Temp\jna-1829508493

VM Arguments:
jvm_args: --add-modules=ALL-SYSTEM --add-opens=java.base/java.util=ALL-UNNAMED --add-opens=java.base/java.lang=ALL-UNNAMED --add-opens=java.base/sun.nio.fs=ALL-UNNAMED -Declipse.application=org.eclipse.jdt.ls.core.id1 -Dosgi.bundles.defaultStartLevel=4 -Declipse.product=org.eclipse.jdt.ls.core.product -Djava.import.generatesMetadataFilesAtProjectRoot=false -DDetectVMInstallationsJob.disabled=true -Dfile.encoding=utf8 -XX:+UseParallelGC -XX:GCTimeRatio=4 -XX:AdaptiveSizePolicyWeight=90 -Dsun.zip.disableMemoryMapping=true -Xmx1G -Xms100m -Xlog:disable -javaagent:c:\Users\Safegold\.cursor\extensions\redhat.java-1.37.0-win32-x64\lombok\lombok-1.18.34.jar -XX:+HeapDumpOnOutOfMemoryError -XX:HeapDumpPath=c:\Users\Safegold\AppData\Roaming\Cursor\User\workspaceStorage\fc7bc1c2951040d18626b1c4f8f05cd6\redhat.java -Daether.dependencyCollector.impl=bf 
java_command: c:\Users\Safegold\.cursor\extensions\redhat.java-1.37.0-win32-x64\server\plugins\org.eclipse.equinox.launcher_1.6.900.v20240613-2009.jar -configuration c:\Users\Safegold\AppData\Roaming\Cursor\User\globalStorage\redhat.java\1.37.0\config_win -data c:\Users\Safegold\AppData\Roaming\Cursor\User\workspaceStorage\fc7bc1c2951040d18626b1c4f8f05cd6\redhat.java\jdt_ws --pipe=\\.\pipe\lsp-9ef5a95043b04bb835ed20df80b2a05c-sock
java_class_path (initial): c:\Users\Safegold\.cursor\extensions\redhat.java-1.37.0-win32-x64\server\plugins\org.eclipse.equinox.launcher_1.6.900.v20240613-2009.jar
Launcher Type: SUN_STANDARD

[Global flags]
    uintx AdaptiveSizePolicyWeight                 = 90                                        {product} {command line}
     intx CICompilerCount                          = 4                                         {product} {ergonomic}
    uintx GCTimeRatio                              = 4                                         {product} {command line}
     bool HeapDumpOnOutOfMemoryError               = true                                   {manageable} {command line}
    ccstr HeapDumpPath                             = c:\Users\Safegold\AppData\Roaming\Cursor\User\workspaceStorage\fc7bc1c2951040d18626b1c4f8f05cd6\redhat.java         {manageable} {command line}
   size_t InitialHeapSize                          = 104857600                                 {product} {command line}
   size_t MaxHeapSize                              = 1073741824                                {product} {command line}
   size_t MaxNewSize                               = 357564416                                 {product} {ergonomic}
   size_t MinHeapDeltaBytes                        = 524288                                    {product} {ergonomic}
   size_t MinHeapSize                              = 104857600                                 {product} {command line}
   size_t NewSize                                  = 34603008                                  {product} {ergonomic}
    uintx NonNMethodCodeHeapSize                   = 5839372                                {pd product} {ergonomic}
    uintx NonProfiledCodeHeapSize                  = 122909434                              {pd product} {ergonomic}
   size_t OldSize                                  = 70254592                                  {product} {ergonomic}
    uintx ProfiledCodeHeapSize                     = 122909434                              {pd product} {ergonomic}
    uintx ReservedCodeCacheSize                    = 251658240                              {pd product} {ergonomic}
     bool SegmentedCodeCache                       = true                                      {product} {ergonomic}
   size_t SoftMaxHeapSize                          = 1073741824                             {manageable} {ergonomic}
     bool UseCompressedClassPointers               = true                           {product lp64_product} {ergonomic}
     bool UseCompressedOops                        = true                           {product lp64_product} {ergonomic}
     bool UseLargePagesIndividualAllocation        = false                                  {pd product} {ergonomic}
     bool UseParallelGC                            = true                                      {product} {command line}

Logging:
Log output configuration:
 #0: stdout all=off uptime,level,tags
 #1: stderr all=off uptime,level,tags

Environment Variables:
JAVA_HOME=C:\Program Files\Java\jdk-21\jdk-21.0.4
PATH=c:\Users\Safegold\AppData\Local\Programs\cursor\resources\app\bin;C:\Program Files\Eclipse Adoptium\jdk-21.0.4.7-hotspot\bin;C:\Program Files (x86)\Common Files\Oracle\Java\javapath;C:\WINDOWS\system32;C:\WINDOWS;C:\WINDOWS\System32\Wbem;C:\WINDOWS\System32\WindowsPowerShell\v1.0\;C:\WINDOWS\System32\OpenSSH\;C:\Program Files (x86)\Intel\Intel(R) Management Engine Components\DAL;C:\Program Files\Intel\Intel(R) Management Engine Components\DAL;C:\Program Files\Java\jre1.8.0_291;C:\Users\Safegold\AppData\Local\Programs\Python\Python312;C:\Users\Safegold\AppData\Local\Programs\Python\Python312\Scripts;C:\Program Files (x86)\Microsoft SQL Server\160\DTS\Binn\;C:\Program Files (x86)\Microsoft SQL Server\160\Tools\Binn\;C:\Program Files\Microsoft SQL Server\160\Tools\Binn\;C:\Program Files\Microsoft SQL Server\Client SDK\ODBC\170\Tools\Binn\;C:\Program Files\Microsoft SQL Server\160\DTS\Binn\;C:\Program Files\Git\cmd;C:\Program Files\dotnet\;C:\Program Files\CMake\bin;C:\ProgramData\chocolatey\bin;C:\Program Files\;C:\Program Files\nodejs\;C:\Users\Safegold\AppData\Local\Roaming\npm;;C:\Program Files\Docker\Docker\resources\bin;C:\Users\Safegold\AppData\Local\Programs\Python\Python312\Scripts\;C:\Users\Safegold\AppData\Local\Programs\Python\Python312\;C:\Users\Safegold\AppData\Local\Programs\Python\Python313\Scripts\;C:\Users\Safegold\AppData\Local\Programs\Python\Python313\;C:\Users\Safegold\AppData\Local\Programs\Microsoft VS Code\bin;C:\Program Files\JetBrains\PyCharm 2024.1.3\bin;;C:\Program Files\JetBrains\PyCharm Community Edition 2024.1.1\bin;;C:\Users\Safegold\AppData\Local\Microsoft\WindowsApps;;C:\Program Files\JetBrains\DataGrip 2024.1.4\bin;;C:\Program Files\JetBrains\DataSpell 2024.1.3\bin;;C:\Program Files\JetBrains\WebStorm 2024.1.5\bin;;C:\Users\Safegold\AppData\Local\Microsoft\WinGet\Packages\Schniz.fnm_Microsoft.Winget.Source_8wekyb3d8bbwe;C:\Users\Safegold\.dotnet\tools;C:\Program Files\JetBrains\IntelliJ IDEA 2024.2.3\bin;;C:\Users\Safegold\AppData\R
USERNAME=Safegold
OS=Windows_NT
PROCESSOR_IDENTIFIER=Intel64 Family 6 Model 142 Stepping 12, GenuineIntel
TMP=C:\Users\Safegold\AppData\Local\Temp
TEMP=C:\Users\Safegold\AppData\Local\Temp



Periodic native trim disabled


---------------  S Y S T E M  ---------------

OS:
 Windows 11 , 64 bit Build 26100 (10.0.26100.2454)
OS uptime: 0 days 23:40 hours
Hyper-V role detected

CPU: total 8 (initial active 8) (4 cores per cpu, 2 threads per core) family 6 model 142 stepping 12 microcode 0xf8, cx8, cmov, fxsr, ht, mmx, 3dnowpref, sse, sse2, sse3, ssse3, sse4.1, sse4.2, popcnt, lzcnt, tsc, tscinvbit, avx, avx2, aes, erms, clmul, bmi1, bmi2, adx, fma, vzeroupper, clflush, clflushopt, hv
Processor Information for all 8 processors :
  Max Mhz: 1800, Current Mhz: 1600, Mhz Limit: 1584

Memory: 4k page, system-wide physical 16239M (2440M free)
TotalPageFile size 22875M (AvailPageFile size 3M)
current process WorkingSet (physical memory assigned to process): 264M, peak: 342M
current process commit charge ("private bytes"): 338M, peak: 396M

vm_info: OpenJDK 64-Bit Server VM (17.0.13+11) for windows-amd64 JRE (17.0.13+11), built on Oct 16 2024 00:10:08 by "admin" with MS VC++ 17.7 (VS2022)

END.
