#
# There is insufficient memory for the Java Runtime Environment to continue.
# Native memory allocation (malloc) failed to allocate 104032 bytes. Error detail: Chunk::new
# Possible reasons:
#   The system is out of physical RAM or swap space
#   This process is running with CompressedOops enabled, and the Java Heap may be blocking the growth of the native heap
# Possible solutions:
#   Reduce memory load on the system
#   Increase physical memory or swap space
#   Check if swap backing store is full
#   Decrease Java heap size (-Xmx/-Xms)
#   Decrease number of Java threads
#   Decrease Java thread stack sizes (-Xss)
#   Set larger code cache with -XX:ReservedCodeCacheSize=
#   JVM is running with Unscaled Compressed Oops mode in which the Java heap is
#     placed in the first 4GB address space. The Java Heap base address is the
#     maximum limit for the native heap growth. Please use -XX:HeapBaseMinAddress
#     to set the Java Heap base and to place the Java Heap above 4GB virtual address.
# This output file may be truncated or incomplete.
#
#  Out of Memory Error (arena.cpp:191), pid=18696, tid=18912
#
# JRE version: OpenJDK Runtime Environment Temurin-17.0.13+11 (17.0.13+11) (build 17.0.13+11)
# Java VM: OpenJDK 64-Bit Server VM Temurin-17.0.13+11 (17.0.13+11, mixed mode, tiered, compressed oops, compressed class ptrs, parallel gc, windows-amd64)
# No core dump will be written. Minidumps are not enabled by default on client versions of Windows
#

---------------  S U M M A R Y ------------

Command Line: --add-modules=ALL-SYSTEM --add-opens=java.base/java.util=ALL-UNNAMED --add-opens=java.base/java.lang=ALL-UNNAMED --add-opens=java.base/sun.nio.fs=ALL-UNNAMED -Declipse.application=org.eclipse.jdt.ls.core.id1 -Dosgi.bundles.defaultStartLevel=4 -Declipse.product=org.eclipse.jdt.ls.core.product -Djava.import.generatesMetadataFilesAtProjectRoot=false -DDetectVMInstallationsJob.disabled=true -Dfile.encoding=utf8 -XX:+UseParallelGC -XX:GCTimeRatio=4 -XX:AdaptiveSizePolicyWeight=90 -Dsun.zip.disableMemoryMapping=true -Xmx1G -Xms100m -Xlog:disable -javaagent:c:\Users\Safegold\.cursor\extensions\redhat.java-1.37.0-win32-x64\lombok\lombok-1.18.34.jar -XX:+HeapDumpOnOutOfMemoryError -XX:HeapDumpPath=c:\Users\Safegold\AppData\Roaming\Cursor\User\workspaceStorage\fc7bc1c2951040d18626b1c4f8f05cd6\redhat.java -Daether.dependencyCollector.impl=bf c:\Users\Safegold\.cursor\extensions\redhat.java-1.37.0-win32-x64\server\plugins\org.eclipse.equinox.launcher_1.6.900.v20240613-2009.jar -configuration c:\Users\Safegold\AppData\Roaming\Cursor\User\globalStorage\redhat.java\1.37.0\config_win -data c:\Users\Safegold\AppData\Roaming\Cursor\User\workspaceStorage\fc7bc1c2951040d18626b1c4f8f05cd6\redhat.java\jdt_ws --pipe=\\.\pipe\lsp-7eb82fd0b4244a09fa33efb1e9373a5b-sock

Host: Intel(R) Core(TM) i5-8265U CPU @ 1.60GHz, 8 cores, 15G,  Windows 11 , 64 bit Build 26100 (10.0.26100.2454)
Time: Wed Dec  4 09:29:14 2024 Hora oficial do Brasil elapsed time: 18.146157 seconds (0d 0h 0m 18s)

---------------  T H R E A D  ---------------

Current thread (0x0000017c3a7082a0):  JavaThread "C2 CompilerThread2" daemon [_thread_in_native, id=18912, stack(0x0000001550600000,0x0000001550700000)]


Current CompileTask:
C2:  18146 8843 %     4       java.util.TimSort::binarySort @ 69 (223 bytes)

Stack: [0x0000001550600000,0x0000001550700000]
Native frames: (J=compiled Java code, j=interpreted, Vv=VM code, C=native code)
V  [jvm.dll+0x682a19]
V  [jvm.dll+0x839538]
V  [jvm.dll+0x83afe3]
V  [jvm.dll+0x83b653]
V  [jvm.dll+0x24704f]
V  [jvm.dll+0xace34]
V  [jvm.dll+0xad4cc]
V  [jvm.dll+0x36597e]
V  [jvm.dll+0x1ba60a]
V  [jvm.dll+0x2181a7]
V  [jvm.dll+0x21748f]
V  [jvm.dll+0x1a3070]
V  [jvm.dll+0x22788c]
V  [jvm.dll+0x2259eb]
V  [jvm.dll+0x7eec98]
V  [jvm.dll+0x7e8ffc]
V  [jvm.dll+0x6818f7]
C  [ucrtbase.dll+0x14ea0]
C  [KERNEL32.DLL+0x2e8d7]
C  [ntdll.dll+0xdfbcc]


---------------  P R O C E S S  ---------------

Threads class SMR info:
_java_thread_list=0x0000017c3ed78e90, length=48, elements={
0x0000017c202c5940, 0x0000017c39278030, 0x0000017c39279f20, 0x0000017c3414e340,
0x0000017c3929fb80, 0x0000017c392a1760, 0x0000017c392a4d40, 0x0000017c392b1410,
0x0000017c392b4340, 0x0000017c392c8730, 0x0000017c392a7ad0, 0x0000017c392a5c70,
0x0000017c392a6690, 0x0000017c392a5250, 0x0000017c392a7fe0, 0x0000017c392a6ba0,
0x0000017c392a4830, 0x0000017c392a6180, 0x0000017c3b5d90e0, 0x0000017c3b5da010,
0x0000017c3b5d6d70, 0x0000017c3b5d81b0, 0x0000017c3b5d7ca0, 0x0000017c3b5d7280,
0x0000017c3b5d7790, 0x0000017c3b5daa30, 0x0000017c3b5dbe70, 0x0000017c3b5daf40,
0x0000017c3b5da520, 0x0000017c3b5d86c0, 0x0000017c3b5db450, 0x0000017c3b5d9b00,
0x0000017c3b5db960, 0x0000017c3b5dc380, 0x0000017c3b5d95f0, 0x0000017c3b5dc890,
0x0000017c3b5de6f0, 0x0000017c3b5dd2b0, 0x0000017c3b5ddcd0, 0x0000017c3b5de1e0,
0x0000017c3c539b10, 0x0000017c3c539600, 0x0000017c3c5390f0, 0x0000017c3c536360,
0x0000017c3c5386d0, 0x0000017c3a707800, 0x0000017c3a7082a0, 0x0000017c3c53aa40
}

Java Threads: ( => current thread )
  0x0000017c202c5940 JavaThread "main" [_thread_blocked, id=19740, stack(0x000000154e500000,0x000000154e600000)]
  0x0000017c39278030 JavaThread "Reference Handler" daemon [_thread_blocked, id=3736, stack(0x000000154e800000,0x000000154e900000)]
  0x0000017c39279f20 JavaThread "Finalizer" daemon [_thread_blocked, id=16112, stack(0x000000154e900000,0x000000154ea00000)]
  0x0000017c3414e340 JavaThread "Signal Dispatcher" daemon [_thread_blocked, id=16420, stack(0x000000154ea00000,0x000000154eb00000)]
  0x0000017c3929fb80 JavaThread "Attach Listener" daemon [_thread_blocked, id=1524, stack(0x000000154eb00000,0x000000154ec00000)]
  0x0000017c392a1760 JavaThread "Service Thread" daemon [_thread_blocked, id=804, stack(0x000000154ec00000,0x000000154ed00000)]
  0x0000017c392a4d40 JavaThread "Monitor Deflation Thread" daemon [_thread_blocked, id=18540, stack(0x000000154ed00000,0x000000154ee00000)]
  0x0000017c392b1410 JavaThread "C2 CompilerThread0" daemon [_thread_in_native, id=12968, stack(0x000000154ee00000,0x000000154ef00000)]
  0x0000017c392b4340 JavaThread "C1 CompilerThread0" daemon [_thread_in_native, id=22388, stack(0x000000154ef00000,0x000000154f000000)]
  0x0000017c392c8730 JavaThread "Sweeper thread" daemon [_thread_blocked, id=15068, stack(0x000000154f000000,0x000000154f100000)]
  0x0000017c392a7ad0 JavaThread "Common-Cleaner" daemon [_thread_blocked, id=3784, stack(0x000000154f100000,0x000000154f200000)]
  0x0000017c392a5c70 JavaThread "Notification Thread" daemon [_thread_blocked, id=10072, stack(0x000000154f200000,0x000000154f300000)]
  0x0000017c392a6690 JavaThread "Active Thread: Equinox Container: 5f51cbb4-d0d8-43b1-97a1-d9828fdc7b67" [_thread_blocked, id=14160, stack(0x000000154f500000,0x000000154f600000)]
  0x0000017c392a5250 JavaThread "Refresh Thread: Equinox Container: 5f51cbb4-d0d8-43b1-97a1-d9828fdc7b67" daemon [_thread_blocked, id=18532, stack(0x000000154fd00000,0x000000154fe00000)]
  0x0000017c392a7fe0 JavaThread "Framework Event Dispatcher: Equinox Container: 5f51cbb4-d0d8-43b1-97a1-d9828fdc7b67" daemon [_thread_blocked, id=9644, stack(0x000000154fe00000,0x000000154ff00000)]
  0x0000017c392a6ba0 JavaThread "Start Level: Equinox Container: 5f51cbb4-d0d8-43b1-97a1-d9828fdc7b67" daemon [_thread_blocked, id=19924, stack(0x000000154ff00000,0x0000001550000000)]
  0x0000017c392a4830 JavaThread "Bundle File Closer" daemon [_thread_blocked, id=18408, stack(0x0000001550100000,0x0000001550200000)]
  0x0000017c392a6180 JavaThread "SCR Component Actor" daemon [_thread_blocked, id=19024, stack(0x0000001550200000,0x0000001550300000)]
  0x0000017c3b5d90e0 JavaThread "Worker-JM" [_thread_blocked, id=15848, stack(0x0000001550300000,0x0000001550400000)]
  0x0000017c3b5da010 JavaThread "JNA Cleaner" daemon [_thread_blocked, id=16792, stack(0x000000154f400000,0x000000154f500000)]
  0x0000017c3b5d6d70 JavaThread "Worker-0" [_thread_blocked, id=15584, stack(0x0000001550400000,0x0000001550500000)]
  0x0000017c3b5d81b0 JavaThread "Worker-1" [_thread_blocked, id=1828, stack(0x0000001550500000,0x0000001550600000)]
  0x0000017c3b5d7ca0 JavaThread "Java indexing" daemon [_thread_blocked, id=13120, stack(0x0000001550800000,0x0000001550900000)]
  0x0000017c3b5d7280 JavaThread "Worker-2" [_thread_blocked, id=4216, stack(0x0000001550900000,0x0000001550a00000)]
  0x0000017c3b5d7790 JavaThread "Thread-2" daemon [_thread_in_native, id=12140, stack(0x0000001550c00000,0x0000001550d00000)]
  0x0000017c3b5daa30 JavaThread "Thread-3" daemon [_thread_in_native, id=10812, stack(0x0000001550d00000,0x0000001550e00000)]
  0x0000017c3b5dbe70 JavaThread "Thread-4" daemon [_thread_in_native, id=14752, stack(0x0000001550e00000,0x0000001550f00000)]
  0x0000017c3b5daf40 JavaThread "Thread-5" daemon [_thread_in_native, id=18444, stack(0x0000001550f00000,0x0000001551000000)]
  0x0000017c3b5da520 JavaThread "Thread-6" daemon [_thread_in_native, id=21196, stack(0x0000001551000000,0x0000001551100000)]
  0x0000017c3b5d86c0 JavaThread "Thread-7" daemon [_thread_in_native, id=13132, stack(0x0000001551100000,0x0000001551200000)]
  0x0000017c3b5db450 JavaThread "Thread-8" daemon [_thread_in_native, id=20120, stack(0x0000001551200000,0x0000001551300000)]
  0x0000017c3b5d9b00 JavaThread "Thread-9" daemon [_thread_in_native, id=1560, stack(0x0000001551300000,0x0000001551400000)]
  0x0000017c3b5db960 JavaThread "Thread-10" daemon [_thread_in_native, id=18464, stack(0x0000001551400000,0x0000001551500000)]
  0x0000017c3b5dc380 JavaThread "pool-2-thread-1" [_thread_blocked, id=1056, stack(0x0000001551500000,0x0000001551600000)]
  0x0000017c3b5d95f0 JavaThread "Worker-3" [_thread_blocked, id=20172, stack(0x0000001551600000,0x0000001551700000)]
  0x0000017c3b5dc890 JavaThread "WorkspaceEventsHandler" [_thread_blocked, id=21384, stack(0x0000001551700000,0x0000001551800000)]
  0x0000017c3b5de6f0 JavaThread "pool-1-thread-1" [_thread_blocked, id=19996, stack(0x0000001551800000,0x0000001551900000)]
  0x0000017c3b5dd2b0 JavaThread "Worker-4: Publish Diagnostics" [_thread_in_native, id=2208, stack(0x0000001551900000,0x0000001551a00000)]
  0x0000017c3b5ddcd0 JavaThread "ForkJoinPool.commonPool-worker-1" daemon [_thread_blocked, id=18936, stack(0x0000001551a00000,0x0000001551b00000)]
  0x0000017c3b5de1e0 JavaThread "ForkJoinPool.commonPool-worker-2" daemon [_thread_in_Java, id=20720, stack(0x0000001551b00000,0x0000001551c00000)]
  0x0000017c3c539b10 JavaThread "ForkJoinPool.commonPool-worker-3" daemon [_thread_blocked, id=19804, stack(0x0000001551c00000,0x0000001551d00000)]
  0x0000017c3c539600 JavaThread "ForkJoinPool.commonPool-worker-4" daemon [_thread_blocked, id=16452, stack(0x0000001551d00000,0x0000001551e00000)]
  0x0000017c3c5390f0 JavaThread "ForkJoinPool.commonPool-worker-5" daemon [_thread_blocked, id=19452, stack(0x0000001551e00000,0x0000001551f00000)]
  0x0000017c3c536360 JavaThread "ForkJoinPool.commonPool-worker-6" daemon [_thread_in_native, id=22596, stack(0x0000001551f00000,0x0000001552000000)]
  0x0000017c3c5386d0 JavaThread "ForkJoinPool.commonPool-worker-7" daemon [_thread_blocked, id=20416, stack(0x0000001552000000,0x0000001552100000)]
  0x0000017c3a707800 JavaThread "C2 CompilerThread1" daemon [_thread_in_native, id=14940, stack(0x000000154fc00000,0x000000154fd00000)]
=>0x0000017c3a7082a0 JavaThread "C2 CompilerThread2" daemon [_thread_in_native, id=18912, stack(0x0000001550600000,0x0000001550700000)]
  0x0000017c3c53aa40 JavaThread "SCR Component Registry" daemon [_thread_blocked, id=8392, stack(0x0000001550700000,0x0000001550800000)]

Other Threads:
  0x0000017c2036ed00 VMThread "VM Thread" [stack: 0x000000154e700000,0x000000154e800000] [id=208]
  0x0000017c39618c90 WatcherThread [stack: 0x000000154f300000,0x000000154f400000] [id=2272]
  0x0000017c202dd300 GCTaskThread "GC Thread#0" [stack: 0x000000154e600000,0x000000154e700000] [id=5820]
  0x0000017c3ae07320 GCTaskThread "GC Thread#1" [stack: 0x000000154f600000,0x000000154f700000] [id=16392]
  0x0000017c3ae075e0 GCTaskThread "GC Thread#2" [stack: 0x000000154f700000,0x000000154f800000] [id=2764]
  0x0000017c3ae078a0 GCTaskThread "GC Thread#3" [stack: 0x000000154f800000,0x000000154f900000] [id=11092]
  0x0000017c3ae07b60 GCTaskThread "GC Thread#4" [stack: 0x000000154f900000,0x000000154fa00000] [id=12356]
  0x0000017c3a6e7c30 GCTaskThread "GC Thread#5" [stack: 0x000000154fa00000,0x000000154fb00000] [id=13552]
  0x0000017c3a6e7ef0 GCTaskThread "GC Thread#6" [stack: 0x000000154fb00000,0x000000154fc00000] [id=15868]
  0x0000017c3b0f3750 GCTaskThread "GC Thread#7" [stack: 0x0000001550000000,0x0000001550100000] [id=13336]

Threads with active compile tasks:
C2 CompilerThread0    18194 8824       4       org.eclipse.jdt.internal.compiler.parser.Scanner::internalScanIdentifierOrKeyword (4943 bytes)
C2 CompilerThread1    18194 8847       4       org.eclipse.jdt.internal.core.util.HashSetOfArray::add (100 bytes)
C2 CompilerThread2    18195 8843 %     4       java.util.TimSort::binarySort @ 69 (223 bytes)

VM state: not at safepoint (normal execution)

VM Mutex/Monitor currently owned by a thread: None

Heap address: 0x00000000c0000000, size: 1024 MB, Compressed Oops mode: 32-bit

CDS archive(s) not mapped
Compressed class space mapped at: 0x0000000100000000-0x0000000140000000, reserved size: 1073741824
Narrow klass base: 0x0000000000000000, Narrow klass shift: 3, Narrow klass range: 0x140000000

GC Precious Log:
 CPUs: 8 total, 8 available
 Memory: 16239M
 Large Page Support: Disabled
 NUMA Support: Disabled
 Compressed Oops: Enabled (32-bit)
 Alignments: Space 512K, Generation 512K, Heap 2M
 Heap Min Capacity: 100M
 Heap Initial Capacity: 100M
 Heap Max Capacity: 1G
 Pre-touch: Disabled
 Parallel Workers: 8

Heap:
 PSYoungGen      total 11264K, used 10518K [0x00000000eab00000, 0x00000000eb680000, 0x0000000100000000)
  eden space 10240K, 98% used [0x00000000eab00000,0x00000000eb4e59f0,0x00000000eb500000)
  from space 1024K, 37% used [0x00000000eb500000,0x00000000eb560040,0x00000000eb600000)
  to   space 512K, 0% used [0x00000000eb600000,0x00000000eb600000,0x00000000eb680000)
 ParOldGen       total 68608K, used 67138K [0x00000000c0000000, 0x00000000c4300000, 0x00000000eab00000)
  object space 68608K, 97% used [0x00000000c0000000,0x00000000c4190b88,0x00000000c4300000)
 Metaspace       used 64726K, committed 65920K, reserved 1114112K
  class space    used 6882K, committed 7360K, reserved 1048576K

Card table byte_map: [0x0000017c1fc50000,0x0000017c1fe60000] _byte_map_base: 0x0000017c1f650000

Marking Bits: (ParMarkBitMap*) 0x00007ffd7a4a6940
 Begin Bits: [0x0000017c31f50000, 0x0000017c32f50000)
 End Bits:   [0x0000017c32f50000, 0x0000017c33f50000)

Polling page: 0x0000017c1e180000

Metaspace:

Usage:
  Non-class:     56.49 MB used.
      Class:      6.72 MB used.
       Both:     63.21 MB used.

Virtual space:
  Non-class space:       64.00 MB reserved,      57.19 MB ( 89%) committed,  1 nodes.
      Class space:        1.00 GB reserved,       7.19 MB ( <1%) committed,  1 nodes.
             Both:        1.06 GB reserved,      64.38 MB (  6%) committed. 

Chunk freelists:
   Non-Class:  6.72 MB
       Class:  8.84 MB
        Both:  15.56 MB

MaxMetaspaceSize: unlimited
CompressedClassSpaceSize: 1.00 GB
Initial GC threshold: 21.00 MB
Current GC threshold: 97.31 MB
CDS: off
MetaspaceReclaimPolicy: balanced
 - commit_granule_bytes: 65536.
 - commit_granule_words: 8192.
 - virtual_space_node_default_size: 8388608.
 - enlarge_chunks_in_place: 1.
 - new_chunks_are_fully_committed: 0.
 - uncommit_free_chunks: 1.
 - use_allocation_guard: 0.
 - handle_deallocations: 1.


Internal statistics:

num_allocs_failed_limit: 9.
num_arena_births: 804.
num_arena_deaths: 14.
num_vsnodes_births: 2.
num_vsnodes_deaths: 0.
num_space_committed: 1030.
num_space_uncommitted: 0.
num_chunks_returned_to_freelist: 23.
num_chunks_taken_from_freelist: 3458.
num_chunk_merges: 11.
num_chunk_splits: 2121.
num_chunks_enlarged: 1202.
num_inconsistent_stats: 0.

CodeHeap 'non-profiled nmethods': size=120000Kb used=4683Kb max_used=4686Kb free=115316Kb
 bounds [0x0000017c2aa20000, 0x0000017c2aec0000, 0x0000017c31f50000]
CodeHeap 'profiled nmethods': size=120000Kb used=15270Kb max_used=15620Kb free=104730Kb
 bounds [0x0000017c22f50000, 0x0000017c23ea0000, 0x0000017c2a480000]
CodeHeap 'non-nmethods': size=5760Kb used=1348Kb max_used=1448Kb free=4411Kb
 bounds [0x0000017c2a480000, 0x0000017c2a6f0000, 0x0000017c2aa20000]
 total_blobs=8111 nmethods=7415 adapters=608
 compilation: enabled
              stopped_count=0, restarted_count=0
 full_count=0

Compilation events (20 events):
Event: 18.055 Thread 0x0000017c3a7082a0 nmethod 7932 0x0000017c2ad6ae90 code [0x0000017c2ad6b3c0, 0x0000017c2ad6fe98]
Event: 18.056 Thread 0x0000017c3a707800 nmethod 8219 0x0000017c2ad73090 code [0x0000017c2ad73640, 0x0000017c2ad79f90]
Event: 18.062 Thread 0x0000017c3a7082a0 8829       4       java.util.LinkedHashMap::entrySet (27 bytes)
Event: 18.063 Thread 0x0000017c3a707800 8830       4       java.util.LinkedHashMap$LinkedEntrySet::iterator (12 bytes)
Event: 18.064 Thread 0x0000017c3a7082a0 nmethod 8829 0x0000017c2ad6ab10 code [0x0000017c2ad6aca0, 0x0000017c2ad6adb8]
Event: 18.069 Thread 0x0000017c3a707800 nmethod 8830 0x0000017c2ad6a710 code [0x0000017c2ad6a8a0, 0x0000017c2ad6a9b8]
Event: 18.070 Thread 0x0000017c3a707800 8838       4       java.text.MessageFormat::applyPattern (422 bytes)
Event: 18.074 Thread 0x0000017c3a7082a0 8839       4       org.eclipse.jdt.internal.compiler.parser.Scanner::scanIdentifier (480 bytes)
Event: 18.083 Thread 0x0000017c3a7082a0 nmethod 8839 0x0000017c2ad69e10 code [0x0000017c2ad69fc0, 0x0000017c2ad6a328]
Event: 18.083 Thread 0x0000017c3a7082a0 8840       4       java.util.AbstractMap$1$1::hasNext (10 bytes)
Event: 18.085 Thread 0x0000017c3a7082a0 nmethod 8840 0x0000017c2ad69a90 code [0x0000017c2ad69c20, 0x0000017c2ad69cf8]
Event: 18.085 Thread 0x0000017c3a7082a0 8841       4       java.util.ImmutableCollections$MapN$MapNIterator::hasNext (13 bytes)
Event: 18.086 Thread 0x0000017c3a7082a0 nmethod 8841 0x0000017c2ad69790 code [0x0000017c2ad69900, 0x0000017c2ad69998]
Event: 18.092 Thread 0x0000017c3a7082a0 8842       4       org.eclipse.jdt.core.compiler.CharOperation::equals (6 bytes)
Event: 18.094 Thread 0x0000017c3a7082a0 nmethod 8842 0x0000017c2ad69490 code [0x0000017c2ad69600, 0x0000017c2ad69738]
Event: 18.106 Thread 0x0000017c3a7082a0 8843 %     4       java.util.TimSort::binarySort @ 69 (223 bytes)
Event: 18.106 Thread 0x0000017c392b4340 8844       3       org.eclipse.jdt.internal.core.util.HashSetOfArray::<init> (41 bytes)
Event: 18.106 Thread 0x0000017c392b4340 nmethod 8844 0x0000017c237f2110 code [0x0000017c237f22e0, 0x0000017c237f2558]
Event: 18.113 Thread 0x0000017c392b4340 8846       3       org.eclipse.jdt.internal.compiler.classfmt.FieldInfo::createField (450 bytes)
Event: 18.116 Thread 0x0000017c392b4340 nmethod 8846 0x0000017c2329f690 code [0x0000017c2329fa40, 0x0000017c232a1748]

GC Heap History (20 events):
Event: 17.478 GC heap before
{Heap before GC invocations=76 (full 3):
 PSYoungGen      total 11264K, used 10758K [0x00000000eab00000, 0x00000000eb700000, 0x0000000100000000)
  eden space 10240K, 100% used [0x00000000eab00000,0x00000000eb500000,0x00000000eb500000)
  from space 1024K, 50% used [0x00000000eb600000,0x00000000eb681a08,0x00000000eb700000)
  to   space 1024K, 0% used [0x00000000eb500000,0x00000000eb500000,0x00000000eb600000)
 ParOldGen       total 68608K, used 64025K [0x00000000c0000000, 0x00000000c4300000, 0x00000000eab00000)
  object space 68608K, 93% used [0x00000000c0000000,0x00000000c3e86680,0x00000000c4300000)
 Metaspace       used 64651K, committed 65856K, reserved 1114112K
  class space    used 6882K, committed 7360K, reserved 1048576K
}
Event: 17.481 GC heap after
{Heap after GC invocations=76 (full 3):
 PSYoungGen      total 11264K, used 671K [0x00000000eab00000, 0x00000000eb700000, 0x0000000100000000)
  eden space 10240K, 0% used [0x00000000eab00000,0x00000000eab00000,0x00000000eb500000)
  from space 1024K, 65% used [0x00000000eb500000,0x00000000eb5a7d48,0x00000000eb600000)
  to   space 1024K, 0% used [0x00000000eb600000,0x00000000eb600000,0x00000000eb700000)
 ParOldGen       total 68608K, used 64398K [0x00000000c0000000, 0x00000000c4300000, 0x00000000eab00000)
  object space 68608K, 93% used [0x00000000c0000000,0x00000000c3ee3900,0x00000000c4300000)
 Metaspace       used 64651K, committed 65856K, reserved 1114112K
  class space    used 6882K, committed 7360K, reserved 1048576K
}
Event: 17.568 GC heap before
{Heap before GC invocations=77 (full 3):
 PSYoungGen      total 11264K, used 10911K [0x00000000eab00000, 0x00000000eb700000, 0x0000000100000000)
  eden space 10240K, 100% used [0x00000000eab00000,0x00000000eb500000,0x00000000eb500000)
  from space 1024K, 65% used [0x00000000eb500000,0x00000000eb5a7d48,0x00000000eb600000)
  to   space 1024K, 0% used [0x00000000eb600000,0x00000000eb600000,0x00000000eb700000)
 ParOldGen       total 68608K, used 64398K [0x00000000c0000000, 0x00000000c4300000, 0x00000000eab00000)
  object space 68608K, 93% used [0x00000000c0000000,0x00000000c3ee3900,0x00000000c4300000)
 Metaspace       used 64660K, committed 65856K, reserved 1114112K
  class space    used 6882K, committed 7360K, reserved 1048576K
}
Event: 17.571 GC heap after
{Heap after GC invocations=77 (full 3):
 PSYoungGen      total 11264K, used 446K [0x00000000eab00000, 0x00000000eb700000, 0x0000000100000000)
  eden space 10240K, 0% used [0x00000000eab00000,0x00000000eab00000,0x00000000eb500000)
  from space 1024K, 43% used [0x00000000eb600000,0x00000000eb66fad8,0x00000000eb700000)
  to   space 1024K, 0% used [0x00000000eb500000,0x00000000eb500000,0x00000000eb600000)
 ParOldGen       total 68608K, used 64797K [0x00000000c0000000, 0x00000000c4300000, 0x00000000eab00000)
  object space 68608K, 94% used [0x00000000c0000000,0x00000000c3f476c8,0x00000000c4300000)
 Metaspace       used 64660K, committed 65856K, reserved 1114112K
  class space    used 6882K, committed 7360K, reserved 1048576K
}
Event: 17.598 GC heap before
{Heap before GC invocations=78 (full 3):
 PSYoungGen      total 11264K, used 10686K [0x00000000eab00000, 0x00000000eb700000, 0x0000000100000000)
  eden space 10240K, 100% used [0x00000000eab00000,0x00000000eb500000,0x00000000eb500000)
  from space 1024K, 43% used [0x00000000eb600000,0x00000000eb66fad8,0x00000000eb700000)
  to   space 1024K, 0% used [0x00000000eb500000,0x00000000eb500000,0x00000000eb600000)
 ParOldGen       total 68608K, used 64797K [0x00000000c0000000, 0x00000000c4300000, 0x00000000eab00000)
  object space 68608K, 94% used [0x00000000c0000000,0x00000000c3f476c8,0x00000000c4300000)
 Metaspace       used 64664K, committed 65856K, reserved 1114112K
  class space    used 6882K, committed 7360K, reserved 1048576K
}
Event: 17.599 GC heap after
{Heap after GC invocations=78 (full 3):
 PSYoungGen      total 11264K, used 320K [0x00000000eab00000, 0x00000000eb680000, 0x0000000100000000)
  eden space 10240K, 0% used [0x00000000eab00000,0x00000000eab00000,0x00000000eb500000)
  from space 1024K, 31% used [0x00000000eb500000,0x00000000eb550000,0x00000000eb600000)
  to   space 512K, 0% used [0x00000000eb600000,0x00000000eb600000,0x00000000eb680000)
 ParOldGen       total 68608K, used 65098K [0x00000000c0000000, 0x00000000c4300000, 0x00000000eab00000)
  object space 68608K, 94% used [0x00000000c0000000,0x00000000c3f92ae0,0x00000000c4300000)
 Metaspace       used 64664K, committed 65856K, reserved 1114112K
  class space    used 6882K, committed 7360K, reserved 1048576K
}
Event: 17.628 GC heap before
{Heap before GC invocations=79 (full 3):
 PSYoungGen      total 11264K, used 10560K [0x00000000eab00000, 0x00000000eb680000, 0x0000000100000000)
  eden space 10240K, 100% used [0x00000000eab00000,0x00000000eb500000,0x00000000eb500000)
  from space 1024K, 31% used [0x00000000eb500000,0x00000000eb550000,0x00000000eb600000)
  to   space 512K, 0% used [0x00000000eb600000,0x00000000eb600000,0x00000000eb680000)
 ParOldGen       total 68608K, used 65098K [0x00000000c0000000, 0x00000000c4300000, 0x00000000eab00000)
  object space 68608K, 94% used [0x00000000c0000000,0x00000000c3f92ae0,0x00000000c4300000)
 Metaspace       used 64666K, committed 65856K, reserved 1114112K
  class space    used 6882K, committed 7360K, reserved 1048576K
}
Event: 17.629 GC heap after
{Heap after GC invocations=79 (full 3):
 PSYoungGen      total 10752K, used 494K [0x00000000eab00000, 0x00000000eb700000, 0x0000000100000000)
  eden space 10240K, 0% used [0x00000000eab00000,0x00000000eab00000,0x00000000eb500000)
  from space 512K, 96% used [0x00000000eb600000,0x00000000eb67b838,0x00000000eb680000)
  to   space 1024K, 0% used [0x00000000eb500000,0x00000000eb500000,0x00000000eb600000)
 ParOldGen       total 68608K, used 65274K [0x00000000c0000000, 0x00000000c4300000, 0x00000000eab00000)
  object space 68608K, 95% used [0x00000000c0000000,0x00000000c3fbeae0,0x00000000c4300000)
 Metaspace       used 64666K, committed 65856K, reserved 1114112K
  class space    used 6882K, committed 7360K, reserved 1048576K
}
Event: 17.659 GC heap before
{Heap before GC invocations=80 (full 3):
 PSYoungGen      total 10752K, used 10734K [0x00000000eab00000, 0x00000000eb700000, 0x0000000100000000)
  eden space 10240K, 100% used [0x00000000eab00000,0x00000000eb500000,0x00000000eb500000)
  from space 512K, 96% used [0x00000000eb600000,0x00000000eb67b838,0x00000000eb680000)
  to   space 1024K, 0% used [0x00000000eb500000,0x00000000eb500000,0x00000000eb600000)
 ParOldGen       total 68608K, used 65274K [0x00000000c0000000, 0x00000000c4300000, 0x00000000eab00000)
  object space 68608K, 95% used [0x00000000c0000000,0x00000000c3fbeae0,0x00000000c4300000)
 Metaspace       used 64666K, committed 65856K, reserved 1114112K
  class space    used 6882K, committed 7360K, reserved 1048576K
}
Event: 17.660 GC heap after
{Heap after GC invocations=80 (full 3):
 PSYoungGen      total 11264K, used 416K [0x00000000eab00000, 0x00000000eb680000, 0x0000000100000000)
  eden space 10240K, 0% used [0x00000000eab00000,0x00000000eab00000,0x00000000eb500000)
  from space 1024K, 40% used [0x00000000eb500000,0x00000000eb568000,0x00000000eb600000)
  to   space 512K, 0% used [0x00000000eb600000,0x00000000eb600000,0x00000000eb680000)
 ParOldGen       total 68608K, used 65730K [0x00000000c0000000, 0x00000000c4300000, 0x00000000eab00000)
  object space 68608K, 95% used [0x00000000c0000000,0x00000000c4030af0,0x00000000c4300000)
 Metaspace       used 64666K, committed 65856K, reserved 1114112K
  class space    used 6882K, committed 7360K, reserved 1048576K
}
Event: 17.725 GC heap before
{Heap before GC invocations=81 (full 3):
 PSYoungGen      total 11264K, used 10656K [0x00000000eab00000, 0x00000000eb680000, 0x0000000100000000)
  eden space 10240K, 100% used [0x00000000eab00000,0x00000000eb500000,0x00000000eb500000)
  from space 1024K, 40% used [0x00000000eb500000,0x00000000eb568000,0x00000000eb600000)
  to   space 512K, 0% used [0x00000000eb600000,0x00000000eb600000,0x00000000eb680000)
 ParOldGen       total 68608K, used 65730K [0x00000000c0000000, 0x00000000c4300000, 0x00000000eab00000)
  object space 68608K, 95% used [0x00000000c0000000,0x00000000c4030af0,0x00000000c4300000)
 Metaspace       used 64692K, committed 65856K, reserved 1114112K
  class space    used 6882K, committed 7360K, reserved 1048576K
}
Event: 17.727 GC heap after
{Heap after GC invocations=81 (full 3):
 PSYoungGen      total 10752K, used 481K [0x00000000eab00000, 0x00000000eb700000, 0x0000000100000000)
  eden space 10240K, 0% used [0x00000000eab00000,0x00000000eab00000,0x00000000eb500000)
  from space 512K, 94% used [0x00000000eb600000,0x00000000eb6786b0,0x00000000eb680000)
  to   space 1024K, 0% used [0x00000000eb500000,0x00000000eb500000,0x00000000eb600000)
 ParOldGen       total 68608K, used 65962K [0x00000000c0000000, 0x00000000c4300000, 0x00000000eab00000)
  object space 68608K, 96% used [0x00000000c0000000,0x00000000c406aaf0,0x00000000c4300000)
 Metaspace       used 64692K, committed 65856K, reserved 1114112K
  class space    used 6882K, committed 7360K, reserved 1048576K
}
Event: 17.747 GC heap before
{Heap before GC invocations=82 (full 3):
 PSYoungGen      total 10752K, used 10721K [0x00000000eab00000, 0x00000000eb700000, 0x0000000100000000)
  eden space 10240K, 100% used [0x00000000eab00000,0x00000000eb500000,0x00000000eb500000)
  from space 512K, 94% used [0x00000000eb600000,0x00000000eb6786b0,0x00000000eb680000)
  to   space 1024K, 0% used [0x00000000eb500000,0x00000000eb500000,0x00000000eb600000)
 ParOldGen       total 68608K, used 65962K [0x00000000c0000000, 0x00000000c4300000, 0x00000000eab00000)
  object space 68608K, 96% used [0x00000000c0000000,0x00000000c406aaf0,0x00000000c4300000)
 Metaspace       used 64697K, committed 65856K, reserved 1114112K
  class space    used 6882K, committed 7360K, reserved 1048576K
}
Event: 17.749 GC heap after
{Heap after GC invocations=82 (full 3):
 PSYoungGen      total 11264K, used 448K [0x00000000eab00000, 0x00000000eb700000, 0x0000000100000000)
  eden space 10240K, 0% used [0x00000000eab00000,0x00000000eab00000,0x00000000eb500000)
  from space 1024K, 43% used [0x00000000eb500000,0x00000000eb570000,0x00000000eb600000)
  to   space 1024K, 0% used [0x00000000eb600000,0x00000000eb600000,0x00000000eb700000)
 ParOldGen       total 68608K, used 66278K [0x00000000c0000000, 0x00000000c4300000, 0x00000000eab00000)
  object space 68608K, 96% used [0x00000000c0000000,0x00000000c40b9850,0x00000000c4300000)
 Metaspace       used 64697K, committed 65856K, reserved 1114112K
  class space    used 6882K, committed 7360K, reserved 1048576K
}
Event: 17.902 GC heap before
{Heap before GC invocations=83 (full 3):
 PSYoungGen      total 11264K, used 10688K [0x00000000eab00000, 0x00000000eb700000, 0x0000000100000000)
  eden space 10240K, 100% used [0x00000000eab00000,0x00000000eb500000,0x00000000eb500000)
  from space 1024K, 43% used [0x00000000eb500000,0x00000000eb570000,0x00000000eb600000)
  to   space 1024K, 0% used [0x00000000eb600000,0x00000000eb600000,0x00000000eb700000)
 ParOldGen       total 68608K, used 66278K [0x00000000c0000000, 0x00000000c4300000, 0x00000000eab00000)
  object space 68608K, 96% used [0x00000000c0000000,0x00000000c40b9850,0x00000000c4300000)
 Metaspace       used 64711K, committed 65920K, reserved 1114112K
  class space    used 6882K, committed 7360K, reserved 1048576K
}
Event: 17.906 GC heap after
{Heap after GC invocations=83 (full 3):
 PSYoungGen      total 11264K, used 582K [0x00000000eab00000, 0x00000000eb700000, 0x0000000100000000)
  eden space 10240K, 0% used [0x00000000eab00000,0x00000000eab00000,0x00000000eb500000)
  from space 1024K, 56% used [0x00000000eb600000,0x00000000eb691a28,0x00000000eb700000)
  to   space 1024K, 0% used [0x00000000eb500000,0x00000000eb500000,0x00000000eb600000)
 ParOldGen       total 68608K, used 66503K [0x00000000c0000000, 0x00000000c4300000, 0x00000000eab00000)
  object space 68608K, 96% used [0x00000000c0000000,0x00000000c40f1cb8,0x00000000c4300000)
 Metaspace       used 64711K, committed 65920K, reserved 1114112K
  class space    used 6882K, committed 7360K, reserved 1048576K
}
Event: 17.945 GC heap before
{Heap before GC invocations=84 (full 3):
 PSYoungGen      total 11264K, used 10822K [0x00000000eab00000, 0x00000000eb700000, 0x0000000100000000)
  eden space 10240K, 100% used [0x00000000eab00000,0x00000000eb500000,0x00000000eb500000)
  from space 1024K, 56% used [0x00000000eb600000,0x00000000eb691a28,0x00000000eb700000)
  to   space 1024K, 0% used [0x00000000eb500000,0x00000000eb500000,0x00000000eb600000)
 ParOldGen       total 68608K, used 66503K [0x00000000c0000000, 0x00000000c4300000, 0x00000000eab00000)
  object space 68608K, 96% used [0x00000000c0000000,0x00000000c40f1cb8,0x00000000c4300000)
 Metaspace       used 64711K, committed 65920K, reserved 1114112K
  class space    used 6882K, committed 7360K, reserved 1048576K
}
Event: 17.948 GC heap after
{Heap after GC invocations=84 (full 3):
 PSYoungGen      total 11264K, used 256K [0x00000000eab00000, 0x00000000eb680000, 0x0000000100000000)
  eden space 10240K, 0% used [0x00000000eab00000,0x00000000eab00000,0x00000000eb500000)
  from space 1024K, 25% used [0x00000000eb500000,0x00000000eb540000,0x00000000eb600000)
  to   space 512K, 0% used [0x00000000eb600000,0x00000000eb600000,0x00000000eb680000)
 ParOldGen       total 68608K, used 66826K [0x00000000c0000000, 0x00000000c4300000, 0x00000000eab00000)
  object space 68608K, 97% used [0x00000000c0000000,0x00000000c41429b8,0x00000000c4300000)
 Metaspace       used 64711K, committed 65920K, reserved 1114112K
  class space    used 6882K, committed 7360K, reserved 1048576K
}
Event: 18.098 GC heap before
{Heap before GC invocations=85 (full 3):
 PSYoungGen      total 11264K, used 10496K [0x00000000eab00000, 0x00000000eb680000, 0x0000000100000000)
  eden space 10240K, 100% used [0x00000000eab00000,0x00000000eb500000,0x00000000eb500000)
  from space 1024K, 25% used [0x00000000eb500000,0x00000000eb540000,0x00000000eb600000)
  to   space 512K, 0% used [0x00000000eb600000,0x00000000eb600000,0x00000000eb680000)
 ParOldGen       total 68608K, used 66826K [0x00000000c0000000, 0x00000000c4300000, 0x00000000eab00000)
  object space 68608K, 97% used [0x00000000c0000000,0x00000000c41429b8,0x00000000c4300000)
 Metaspace       used 64714K, committed 65920K, reserved 1114112K
  class space    used 6882K, committed 7360K, reserved 1048576K
}
Event: 18.099 GC heap after
{Heap after GC invocations=85 (full 3):
 PSYoungGen      total 10752K, used 509K [0x00000000eab00000, 0x00000000eb700000, 0x0000000100000000)
  eden space 10240K, 0% used [0x00000000eab00000,0x00000000eab00000,0x00000000eb500000)
  from space 512K, 99% used [0x00000000eb600000,0x00000000eb67f698,0x00000000eb680000)
  to   space 1024K, 0% used [0x00000000eb500000,0x00000000eb500000,0x00000000eb600000)
 ParOldGen       total 68608K, used 66882K [0x00000000c0000000, 0x00000000c4300000, 0x00000000eab00000)
  object space 68608K, 97% used [0x00000000c0000000,0x00000000c41509b8,0x00000000c4300000)
 Metaspace       used 64714K, committed 65920K, reserved 1114112K
  class space    used 6882K, committed 7360K, reserved 1048576K
}

Dll operation events (10 events):
Event: 0.050 Loaded shared library c:\Users\Safegold\.cursor\extensions\redhat.java-1.37.0-win32-x64\jre\17.0.13-win32-x86_64\bin\java.dll
Event: 0.416 Loaded shared library c:\Users\Safegold\.cursor\extensions\redhat.java-1.37.0-win32-x64\jre\17.0.13-win32-x86_64\bin\zip.dll
Event: 0.423 Loaded shared library C:\Users\Safegold\.cursor\extensions\redhat.java-1.37.0-win32-x64\jre\17.0.13-win32-x86_64\bin\instrument.dll
Event: 0.455 Loaded shared library C:\Users\Safegold\.cursor\extensions\redhat.java-1.37.0-win32-x64\jre\17.0.13-win32-x86_64\bin\net.dll
Event: 0.459 Loaded shared library C:\Users\Safegold\.cursor\extensions\redhat.java-1.37.0-win32-x64\jre\17.0.13-win32-x86_64\bin\nio.dll
Event: 0.476 Loaded shared library C:\Users\Safegold\.cursor\extensions\redhat.java-1.37.0-win32-x64\jre\17.0.13-win32-x86_64\bin\zip.dll
Event: 0.511 Loaded shared library C:\Users\Safegold\.cursor\extensions\redhat.java-1.37.0-win32-x64\jre\17.0.13-win32-x86_64\bin\jimage.dll
Event: 0.644 Loaded shared library c:\Users\Safegold\.cursor\extensions\redhat.java-1.37.0-win32-x64\jre\17.0.13-win32-x86_64\bin\verify.dll
Event: 2.503 Loaded shared library C:\Users\Safegold\AppData\Roaming\Cursor\User\globalStorage\redhat.java\1.37.0\config_win\org.eclipse.equinox.launcher\org.eclipse.equinox.launcher.win32.win32.x86_64_1.2.1100.v20240722-2106\eclipse_11904.dll
Event: 4.349 Loaded shared library C:\Users\Safegold\AppData\Local\Temp\jna-1829508493\jna17696680085534046031.dll

Deoptimization events (20 events):
Event: 17.542 Thread 0x0000017c3b5de1e0 DEOPT PACKING pc=0x0000017c2ad8743c sp=0x0000001551bfdeb0
Event: 17.542 Thread 0x0000017c3b5de1e0 DEOPT UNPACKING pc=0x0000017c2a4d66a3 sp=0x0000001551bfde98 mode 2
Event: 17.542 Thread 0x0000017c3b5dd2b0 Uncommon trap: trap_request=0xffffffbe fr.pc=0x0000017c2ad8743c relative=0x0000000000002cdc
Event: 17.542 Thread 0x0000017c3b5dd2b0 Uncommon trap: reason=profile_predicate action=maybe_recompile pc=0x0000017c2ad8743c method=org.eclipse.jdt.internal.core.util.DeduplicationUtil.intern(Ljava/util/List;)Ljava/util/List; @ 127 c2
Event: 17.542 Thread 0x0000017c3b5dd2b0 DEOPT PACKING pc=0x0000017c2ad8743c sp=0x00000015519fe2d0
Event: 17.542 Thread 0x0000017c3b5dd2b0 DEOPT UNPACKING pc=0x0000017c2a4d66a3 sp=0x00000015519fe2b8 mode 2
Event: 17.543 Thread 0x0000017c3b5de1e0 Uncommon trap: trap_request=0xffffffbe fr.pc=0x0000017c2ad8743c relative=0x0000000000002cdc
Event: 17.543 Thread 0x0000017c3b5de1e0 Uncommon trap: reason=profile_predicate action=maybe_recompile pc=0x0000017c2ad8743c method=org.eclipse.jdt.internal.core.util.DeduplicationUtil.intern(Ljava/util/List;)Ljava/util/List; @ 127 c2
Event: 17.543 Thread 0x0000017c3b5de1e0 DEOPT PACKING pc=0x0000017c2ad8743c sp=0x0000001551bfdeb0
Event: 17.543 Thread 0x0000017c3b5de1e0 DEOPT UNPACKING pc=0x0000017c2a4d66a3 sp=0x0000001551bfde98 mode 2
Event: 17.543 Thread 0x0000017c3b5dd2b0 Uncommon trap: trap_request=0xffffffbe fr.pc=0x0000017c2ad8743c relative=0x0000000000002cdc
Event: 17.543 Thread 0x0000017c3b5dd2b0 Uncommon trap: reason=profile_predicate action=maybe_recompile pc=0x0000017c2ad8743c method=org.eclipse.jdt.internal.core.util.DeduplicationUtil.intern(Ljava/util/List;)Ljava/util/List; @ 127 c2
Event: 17.543 Thread 0x0000017c3b5dd2b0 DEOPT PACKING pc=0x0000017c2ad8743c sp=0x00000015519fe2d0
Event: 17.543 Thread 0x0000017c3b5dd2b0 DEOPT UNPACKING pc=0x0000017c2a4d66a3 sp=0x00000015519fe2b8 mode 2
Event: 17.558 Thread 0x0000017c3b5de1e0 Uncommon trap: trap_request=0xffffff6e fr.pc=0x0000017c2ac6e234 relative=0x0000000000000214
Event: 17.558 Thread 0x0000017c3b5de1e0 Uncommon trap: reason=loop_limit_check action=maybe_recompile pc=0x0000017c2ac6e234 method=org.eclipse.jdt.internal.core.util.HashSetOfArray.hashCode([Ljava/lang/Object;I)I @ 27 c2
Event: 17.558 Thread 0x0000017c3b5de1e0 DEOPT PACKING pc=0x0000017c2ac6e234 sp=0x0000001551bfe060
Event: 17.558 Thread 0x0000017c3b5de1e0 DEOPT UNPACKING pc=0x0000017c2a4d66a3 sp=0x0000001551bfdfe8 mode 2
Event: 18.070 Thread 0x0000017c3b5dd2b0 DEOPT PACKING pc=0x0000017c23a9c0c5 sp=0x00000015519fe0a0
Event: 18.070 Thread 0x0000017c3b5dd2b0 DEOPT UNPACKING pc=0x0000017c2a4d6e43 sp=0x00000015519fd630 mode 0

Classes loaded (20 events):
Event: 14.917 Loading class java/util/concurrent/CompletionException
Event: 14.918 Loading class java/util/concurrent/CompletionException done
Event: 14.978 Loading class java/util/stream/ReduceOps$5
Event: 14.978 Loading class java/util/stream/ReduceOps$5 done
Event: 14.980 Loading class java/util/stream/ReduceOps$CountingSink$OfRef
Event: 14.980 Loading class java/util/stream/ReduceOps$CountingSink
Event: 14.981 Loading class java/util/stream/ReduceOps$CountingSink done
Event: 14.981 Loading class java/util/stream/ReduceOps$CountingSink$OfRef done
Event: 15.054 Loading class java/util/Hashtable$KeySet
Event: 15.055 Loading class java/util/Hashtable$KeySet done
Event: 15.320 Loading class java/util/stream/ReduceOps$1
Event: 15.321 Loading class java/util/stream/ReduceOps$1 done
Event: 15.321 Loading class java/util/stream/ReduceOps$1ReducingSink
Event: 15.322 Loading class java/util/stream/ReduceOps$1ReducingSink done
Event: 15.419 Loading class java/io/FileReader
Event: 15.419 Loading class java/io/FileReader done
Event: 15.423 Loading class java/lang/UnsupportedClassVersionError
Event: 15.423 Loading class java/lang/UnsupportedClassVersionError done
Event: 15.445 Loading class jdk/internal/reflect/UnsafeQualifiedStaticIntegerFieldAccessorImpl
Event: 15.445 Loading class jdk/internal/reflect/UnsafeQualifiedStaticIntegerFieldAccessorImpl done

Classes unloaded (7 events):
Event: 6.128 Thread 0x0000017c2036ed00 Unloading class 0x0000000100250000 'java/lang/invoke/LambdaForm$MH+0x0000000100250000'
Event: 6.128 Thread 0x0000017c2036ed00 Unloading class 0x000000010024fc00 'java/lang/invoke/LambdaForm$MH+0x000000010024fc00'
Event: 6.128 Thread 0x0000017c2036ed00 Unloading class 0x000000010024f800 'java/lang/invoke/LambdaForm$MH+0x000000010024f800'
Event: 6.128 Thread 0x0000017c2036ed00 Unloading class 0x000000010024f400 'java/lang/invoke/LambdaForm$MH+0x000000010024f400'
Event: 6.128 Thread 0x0000017c2036ed00 Unloading class 0x000000010024f000 'java/lang/invoke/LambdaForm$BMH+0x000000010024f000'
Event: 6.128 Thread 0x0000017c2036ed00 Unloading class 0x000000010024ec00 'java/lang/invoke/LambdaForm$DMH+0x000000010024ec00'
Event: 6.128 Thread 0x0000017c2036ed00 Unloading class 0x000000010024c400 'java/lang/invoke/LambdaForm$DMH+0x000000010024c400'

Classes redefined (0 events):
No events

Internal exceptions (20 events):
Event: 14.909 Thread 0x0000017c3b5de6f0 Exception <a 'sun/nio/fs/WindowsException'{0x00000000eb2110d0}> (0x00000000eb2110d0) 
thrown [s\src\hotspot\share\prims\jni.cpp, line 516]
Event: 14.909 Thread 0x0000017c3b5de6f0 Exception <a 'sun/nio/fs/WindowsException'{0x00000000eb211de0}> (0x00000000eb211de0) 
thrown [s\src\hotspot\share\prims\jni.cpp, line 516]
Event: 14.910 Thread 0x0000017c3b5de6f0 Exception <a 'sun/nio/fs/WindowsException'{0x00000000eb2126d8}> (0x00000000eb2126d8) 
thrown [s\src\hotspot\share\prims\jni.cpp, line 516]
Event: 15.003 Thread 0x0000017c3b5dd2b0 Exception <a 'sun/nio/fs/WindowsException'{0x00000000eab420e8}> (0x00000000eab420e8) 
thrown [s\src\hotspot\share\prims\jni.cpp, line 516]
Event: 15.003 Thread 0x0000017c3b5dd2b0 Exception <a 'sun/nio/fs/WindowsException'{0x00000000eab42768}> (0x00000000eab42768) 
thrown [s\src\hotspot\share\prims\jni.cpp, line 516]
Event: 15.027 Thread 0x0000017c3b5ddcd0 Implicit null exception at 0x0000017c2aa7b797 to 0x0000017c2aa7c2d4
Event: 15.055 Thread 0x0000017c3c536360 Exception <a 'java/io/FileNotFoundException'{0x00000000eae8ce50}> (0x00000000eae8ce50) 
thrown [s\src\hotspot\share\prims\jni.cpp, line 516]
Event: 15.056 Thread 0x0000017c3c536360 Exception <a 'java/io/FileNotFoundException'{0x00000000eae8e150}> (0x00000000eae8e150) 
thrown [s\src\hotspot\share\prims\jni.cpp, line 516]
Event: 15.056 Thread 0x0000017c3c536360 Exception <a 'java/io/FileNotFoundException'{0x00000000eae8f1b0}> (0x00000000eae8f1b0) 
thrown [s\src\hotspot\share\prims\jni.cpp, line 516]
Event: 15.089 Thread 0x0000017c3c536360 Exception <a 'sun/nio/fs/WindowsException'{0x00000000eaf9b3e0}> (0x00000000eaf9b3e0) 
thrown [s\src\hotspot\share\prims\jni.cpp, line 516]
Event: 15.089 Thread 0x0000017c3c536360 Exception <a 'sun/nio/fs/WindowsException'{0x00000000eaf9bd28}> (0x00000000eaf9bd28) 
thrown [s\src\hotspot\share\prims\jni.cpp, line 516]
Event: 15.090 Thread 0x0000017c3c536360 Exception <a 'sun/nio/fs/WindowsException'{0x00000000eaf9cee0}> (0x00000000eaf9cee0) 
thrown [s\src\hotspot\share\prims\jni.cpp, line 516]
Event: 15.090 Thread 0x0000017c3c536360 Exception <a 'sun/nio/fs/WindowsException'{0x00000000eaf9d808}> (0x00000000eaf9d808) 
thrown [s\src\hotspot\share\prims\jni.cpp, line 516]
Event: 15.102 Thread 0x0000017c3c536360 Exception <a 'java/io/FileNotFoundException'{0x00000000eafd90d8}> (0x00000000eafd90d8) 
thrown [s\src\hotspot\share\prims\jni.cpp, line 516]
Event: 15.102 Thread 0x0000017c3c536360 Exception <a 'java/io/FileNotFoundException'{0x00000000eafda140}> (0x00000000eafda140) 
thrown [s\src\hotspot\share\prims\jni.cpp, line 516]
Event: 15.108 Thread 0x0000017c3c536360 Exception <a 'sun/nio/fs/WindowsException'{0x00000000eb00e120}> (0x00000000eb00e120) 
thrown [s\src\hotspot\share\prims\jni.cpp, line 516]
Event: 15.108 Thread 0x0000017c3c536360 Exception <a 'sun/nio/fs/WindowsException'{0x00000000eb00ec90}> (0x00000000eb00ec90) 
thrown [s\src\hotspot\share\prims\jni.cpp, line 516]
Event: 15.311 Thread 0x0000017c3b5d81b0 Exception <a 'java/lang/NoSuchMethodError'{0x00000000eb3854a0}: 'java.lang.Object java.lang.invoke.DirectMethodHandle$Holder.invokeSpecial(java.lang.Object, java.lang.Object, int, long)'> (0x00000000eb3854a0) 
thrown [s\src\hotspot\share\interpreter\linkResolver.cpp, line 759]
Event: 15.357 Thread 0x0000017c3c5386d0 Exception <a 'java/lang/ArrayIndexOutOfBoundsException'{0x00000000eb5dded0}> (0x00000000eb5dded0) 
thrown [s\src\hotspot\share\runtime\sharedRuntime.cpp, line 631]
Event: 16.338 Thread 0x0000017c3b5de1e0 Implicit null exception at 0x0000017c2ad9bf60 to 0x0000017c2ad9c08d

VM Operations (20 events):
Event: 17.478 Executing VM operation: ParallelGCFailedAllocation
Event: 17.481 Executing VM operation: ParallelGCFailedAllocation done
Event: 17.568 Executing VM operation: ParallelGCFailedAllocation
Event: 17.571 Executing VM operation: ParallelGCFailedAllocation done
Event: 17.594 Executing VM operation: ParallelGCFailedAllocation
Event: 17.599 Executing VM operation: ParallelGCFailedAllocation done
Event: 17.622 Executing VM operation: ParallelGCFailedAllocation
Event: 17.629 Executing VM operation: ParallelGCFailedAllocation done
Event: 17.658 Executing VM operation: ParallelGCFailedAllocation
Event: 17.660 Executing VM operation: ParallelGCFailedAllocation done
Event: 17.719 Executing VM operation: ParallelGCFailedAllocation
Event: 17.727 Executing VM operation: ParallelGCFailedAllocation done
Event: 17.747 Executing VM operation: ParallelGCFailedAllocation
Event: 17.749 Executing VM operation: ParallelGCFailedAllocation done
Event: 17.901 Executing VM operation: ParallelGCFailedAllocation
Event: 17.906 Executing VM operation: ParallelGCFailedAllocation done
Event: 17.944 Executing VM operation: ParallelGCFailedAllocation
Event: 17.948 Executing VM operation: ParallelGCFailedAllocation done
Event: 18.098 Executing VM operation: ParallelGCFailedAllocation
Event: 18.099 Executing VM operation: ParallelGCFailedAllocation done

Memory protections (0 events):
No events

Nmethod flushes (20 events):
Event: 15.559 Thread 0x0000017c392c8730 flushing  nmethod 0x0000017c23c2cd90
Event: 15.559 Thread 0x0000017c392c8730 flushing  nmethod 0x0000017c23c2d610
Event: 15.559 Thread 0x0000017c392c8730 flushing  nmethod 0x0000017c23c31510
Event: 15.559 Thread 0x0000017c392c8730 flushing  nmethod 0x0000017c23c32110
Event: 15.559 Thread 0x0000017c392c8730 flushing  nmethod 0x0000017c23c3d010
Event: 15.559 Thread 0x0000017c392c8730 flushing  nmethod 0x0000017c23c3f890
Event: 15.559 Thread 0x0000017c392c8730 flushing  nmethod 0x0000017c23c40b10
Event: 15.559 Thread 0x0000017c392c8730 flushing  nmethod 0x0000017c23c44590
Event: 15.559 Thread 0x0000017c392c8730 flushing  nmethod 0x0000017c23c47110
Event: 15.559 Thread 0x0000017c392c8730 flushing  nmethod 0x0000017c23c4d910
Event: 15.559 Thread 0x0000017c392c8730 flushing  nmethod 0x0000017c23c4e090
Event: 15.559 Thread 0x0000017c392c8730 flushing  nmethod 0x0000017c23c4e890
Event: 15.560 Thread 0x0000017c392c8730 flushing  nmethod 0x0000017c23c62f90
Event: 15.560 Thread 0x0000017c392c8730 flushing  nmethod 0x0000017c23cc6e90
Event: 15.560 Thread 0x0000017c392c8730 flushing  nmethod 0x0000017c23cc9210
Event: 15.560 Thread 0x0000017c392c8730 flushing  nmethod 0x0000017c23cc9710
Event: 15.560 Thread 0x0000017c392c8730 flushing  nmethod 0x0000017c23cca890
Event: 15.560 Thread 0x0000017c392c8730 flushing  nmethod 0x0000017c23cd5610
Event: 15.561 Thread 0x0000017c392c8730 flushing  nmethod 0x0000017c23d64f10
Event: 15.563 Thread 0x0000017c392c8730 flushing  nmethod 0x0000017c23e60890

Events (20 events):
Event: 7.313 Thread 0x0000017c202c5940 Thread added: 0x0000017c3b5dc890
Event: 7.313 Thread 0x0000017c202c5940 Thread added: 0x0000017c3b5de6f0
Event: 7.835 Thread 0x0000017c3b5d95f0 Thread added: 0x0000017c3b5dd2b0
Event: 8.108 Thread 0x0000017c3b5d7280 Thread added: 0x0000017c3b5ddcd0
Event: 8.109 Thread 0x0000017c3b5ddcd0 Thread added: 0x0000017c3b5de1e0
Event: 8.109 Thread 0x0000017c3b5de1e0 Thread added: 0x0000017c3c539b10
Event: 8.116 Thread 0x0000017c3c539b10 Thread added: 0x0000017c3c539600
Event: 8.119 Thread 0x0000017c3c539600 Thread added: 0x0000017c3c5390f0
Event: 8.119 Thread 0x0000017c3c5390f0 Thread added: 0x0000017c3c536360
Event: 8.120 Thread 0x0000017c3c536360 Thread added: 0x0000017c3c5386d0
Event: 10.183 Thread 0x0000017c392a5760 Thread exited: 0x0000017c392a5760
Event: 10.738 Thread 0x0000017c3ce69740 Thread exited: 0x0000017c3ce69740
Event: 10.738 Thread 0x0000017c3b7a5b80 Thread exited: 0x0000017c3b7a5b80
Event: 10.767 Thread 0x0000017c392b4340 Thread added: 0x0000017c3a707800
Event: 10.768 Thread 0x0000017c392b4340 Thread added: 0x0000017c3a707d50
Event: 13.497 Thread 0x0000017c3a707d50 Thread exited: 0x0000017c3a707d50
Event: 13.499 Thread 0x0000017c3a707800 Thread exited: 0x0000017c3a707800
Event: 14.051 Thread 0x0000017c392b4340 Thread added: 0x0000017c3a707800
Event: 14.207 Thread 0x0000017c3a707800 Thread added: 0x0000017c3a7082a0
Event: 15.128 Thread 0x0000017c3c536360 Thread added: 0x0000017c3c53aa40


Dynamic libraries:
0x00007ff7d6830000 - 0x00007ff7d683e000 	c:\Users\Safegold\.cursor\extensions\redhat.java-1.37.0-win32-x64\jre\17.0.13-win32-x86_64\bin\java.exe
0x00007ffdd8b80000 - 0x00007ffdd8de3000 	C:\WINDOWS\SYSTEM32\ntdll.dll
0x00007ffdd7c30000 - 0x00007ffdd7cf8000 	C:\WINDOWS\System32\KERNEL32.DLL
0x00007ffdd6440000 - 0x00007ffdd67f2000 	C:\WINDOWS\System32\KERNELBASE.dll
0x00007ffdd6890000 - 0x00007ffdd69db000 	C:\WINDOWS\System32\ucrtbase.dll
0x00007ffdc6350000 - 0x00007ffdc636e000 	c:\Users\Safegold\.cursor\extensions\redhat.java-1.37.0-win32-x64\jre\17.0.13-win32-x86_64\bin\VCRUNTIME140.dll
0x00007ffdc65b0000 - 0x00007ffdc65c7000 	c:\Users\Safegold\.cursor\extensions\redhat.java-1.37.0-win32-x64\jre\17.0.13-win32-x86_64\bin\jli.dll
0x00007ffdd88c0000 - 0x00007ffdd8a88000 	C:\WINDOWS\System32\USER32.dll
0x00007ffdb2d40000 - 0x00007ffdb2fd0000 	C:\WINDOWS\WinSxS\amd64_microsoft.windows.common-controls_6595b64144ccf1df_6.0.26100.2454_none_3e0b68a2e331ad60\COMCTL32.dll
0x00007ffdd6410000 - 0x00007ffdd6437000 	C:\WINDOWS\System32\win32u.dll
0x00007ffdd8a90000 - 0x00007ffdd8b39000 	C:\WINDOWS\System32\msvcrt.dll
0x00007ffdd6f90000 - 0x00007ffdd6fba000 	C:\WINDOWS\System32\GDI32.dll
0x00007ffdd6160000 - 0x00007ffdd628b000 	C:\WINDOWS\System32\gdi32full.dll
0x00007ffdd60b0000 - 0x00007ffdd6153000 	C:\WINDOWS\System32\msvcp_win.dll
0x00007ffdd78e0000 - 0x00007ffdd790f000 	C:\WINDOWS\System32\IMM32.DLL
0x00007ffdcf960000 - 0x00007ffdcf96c000 	c:\Users\Safegold\.cursor\extensions\redhat.java-1.37.0-win32-x64\jre\17.0.13-win32-x86_64\bin\vcruntime140_1.dll
0x00007ffdc1dd0000 - 0x00007ffdc1e5d000 	c:\Users\Safegold\.cursor\extensions\redhat.java-1.37.0-win32-x64\jre\17.0.13-win32-x86_64\bin\msvcp140.dll
0x00007ffd79900000 - 0x00007ffd7a56b000 	c:\Users\Safegold\.cursor\extensions\redhat.java-1.37.0-win32-x64\jre\17.0.13-win32-x86_64\bin\server\jvm.dll
0x00007ffdd87b0000 - 0x00007ffdd8864000 	C:\WINDOWS\System32\ADVAPI32.dll
0x00007ffdd7b60000 - 0x00007ffdd7c06000 	C:\WINDOWS\System32\sechost.dll
0x00007ffdd7d80000 - 0x00007ffdd7e96000 	C:\WINDOWS\System32\RPCRT4.dll
0x00007ffdd7d00000 - 0x00007ffdd7d74000 	C:\WINDOWS\System32\WS2_32.dll
0x00007ffdd5de0000 - 0x00007ffdd5e2e000 	C:\WINDOWS\SYSTEM32\POWRPROF.dll
0x00007ffdb9460000 - 0x00007ffdb9496000 	C:\WINDOWS\SYSTEM32\WINMM.dll
0x00007ffdcb080000 - 0x00007ffdcb08b000 	C:\WINDOWS\SYSTEM32\VERSION.dll
0x00007ffdd5dc0000 - 0x00007ffdd5dd4000 	C:\WINDOWS\SYSTEM32\UMPDC.dll
0x00007ffdd4d60000 - 0x00007ffdd4d7a000 	C:\WINDOWS\SYSTEM32\kernel.appcore.dll
0x00007ffdc73f0000 - 0x00007ffdc73fa000 	c:\Users\Safegold\.cursor\extensions\redhat.java-1.37.0-win32-x64\jre\17.0.13-win32-x86_64\bin\jimage.dll
0x00007ffdd3430000 - 0x00007ffdd3671000 	C:\WINDOWS\SYSTEM32\DBGHELP.DLL
0x00007ffdd6aa0000 - 0x00007ffdd6e1e000 	C:\WINDOWS\System32\combase.dll
0x00007ffdd79a0000 - 0x00007ffdd7a76000 	C:\WINDOWS\System32\OLEAUT32.dll
0x00007ffda7310000 - 0x00007ffda7349000 	C:\WINDOWS\SYSTEM32\dbgcore.DLL
0x00007ffdd5f50000 - 0x00007ffdd5fe9000 	C:\WINDOWS\System32\bcryptPrimitives.dll
0x00007ffdc5f80000 - 0x00007ffdc5f8e000 	c:\Users\Safegold\.cursor\extensions\redhat.java-1.37.0-win32-x64\jre\17.0.13-win32-x86_64\bin\instrument.dll
0x00007ffdc1ec0000 - 0x00007ffdc1ee5000 	c:\Users\Safegold\.cursor\extensions\redhat.java-1.37.0-win32-x64\jre\17.0.13-win32-x86_64\bin\java.dll
0x00007ffdc5e40000 - 0x00007ffdc5e58000 	c:\Users\Safegold\.cursor\extensions\redhat.java-1.37.0-win32-x64\jre\17.0.13-win32-x86_64\bin\zip.dll
0x00007ffdd7000000 - 0x00007ffdd7700000 	C:\WINDOWS\System32\SHELL32.dll
0x00007ffdd3c40000 - 0x00007ffdd4471000 	C:\WINDOWS\SYSTEM32\windows.storage.dll
0x00007ffdd83c0000 - 0x00007ffdd849a000 	C:\WINDOWS\System32\SHCORE.dll
0x00007ffdd7b00000 - 0x00007ffdd7b5d000 	C:\WINDOWS\System32\shlwapi.dll
0x00007ffdd5e60000 - 0x00007ffdd5e8e000 	C:\WINDOWS\SYSTEM32\profapi.dll
0x00007ffdc0d10000 - 0x00007ffdc0d29000 	C:\Users\Safegold\.cursor\extensions\redhat.java-1.37.0-win32-x64\jre\17.0.13-win32-x86_64\bin\net.dll
0x00007ffdc5a80000 - 0x00007ffdc5ba6000 	C:\WINDOWS\SYSTEM32\WINHTTP.dll
0x00007ffdd5250000 - 0x00007ffdd52b8000 	C:\WINDOWS\system32\mswsock.dll
0x00007ffdc0cf0000 - 0x00007ffdc0d06000 	C:\Users\Safegold\.cursor\extensions\redhat.java-1.37.0-win32-x64\jre\17.0.13-win32-x86_64\bin\nio.dll
0x00007ffdc5f70000 - 0x00007ffdc5f80000 	c:\Users\Safegold\.cursor\extensions\redhat.java-1.37.0-win32-x64\jre\17.0.13-win32-x86_64\bin\verify.dll
0x00007ffdbd250000 - 0x00007ffdbd295000 	C:\Users\Safegold\AppData\Roaming\Cursor\User\globalStorage\redhat.java\1.37.0\config_win\org.eclipse.equinox.launcher\org.eclipse.equinox.launcher.win32.win32.x86_64_1.2.1100.v20240722-2106\eclipse_11904.dll
0x00007ffdd8610000 - 0x00007ffdd87a9000 	C:\WINDOWS\System32\ole32.dll
0x00007ffdd5530000 - 0x00007ffdd554c000 	C:\WINDOWS\SYSTEM32\CRYPTSP.dll
0x00007ffdd4cc0000 - 0x00007ffdd4cf8000 	C:\WINDOWS\system32\rsaenh.dll
0x00007ffdd5310000 - 0x00007ffdd533b000 	C:\WINDOWS\SYSTEM32\USERENV.dll
0x00007ffdd5770000 - 0x00007ffdd5796000 	C:\WINDOWS\SYSTEM32\bcrypt.dll
0x00007ffdd5550000 - 0x00007ffdd555c000 	C:\WINDOWS\SYSTEM32\CRYPTBASE.dll
0x00007ffdd4770000 - 0x00007ffdd47a2000 	C:\WINDOWS\SYSTEM32\IPHLPAPI.DLL
0x00007ffdd7c10000 - 0x00007ffdd7c1a000 	C:\WINDOWS\System32\NSI.dll
0x00007ffdc5970000 - 0x00007ffdc598e000 	C:\WINDOWS\SYSTEM32\dhcpcsvc6.DLL
0x00007ffdc5940000 - 0x00007ffdc5965000 	C:\WINDOWS\SYSTEM32\dhcpcsvc.DLL
0x00007ffdd4800000 - 0x00007ffdd4925000 	C:\WINDOWS\SYSTEM32\DNSAPI.dll
0x00007ffdbd120000 - 0x00007ffdbd169000 	C:\Users\Safegold\AppData\Local\Temp\jna-1829508493\jna17696680085534046031.dll
0x00007ffdd7c20000 - 0x00007ffdd7c28000 	C:\WINDOWS\System32\PSAPI.DLL

dbghelp: loaded successfully - version: 4.0.5 - missing functions: none
symbol engine: initialized successfully - sym options: 0x614 - pdb path: .;c:\Users\Safegold\.cursor\extensions\redhat.java-1.37.0-win32-x64\jre\17.0.13-win32-x86_64\bin;C:\WINDOWS\SYSTEM32;C:\WINDOWS\WinSxS\amd64_microsoft.windows.common-controls_6595b64144ccf1df_6.0.26100.2454_none_3e0b68a2e331ad60;c:\Users\Safegold\.cursor\extensions\redhat.java-1.37.0-win32-x64\jre\17.0.13-win32-x86_64\bin\server;C:\Users\Safegold\AppData\Roaming\Cursor\User\globalStorage\redhat.java\1.37.0\config_win\org.eclipse.equinox.launcher\org.eclipse.equinox.launcher.win32.win32.x86_64_1.2.1100.v20240722-2106;C:\Users\Safegold\AppData\Local\Temp\jna-1829508493

VM Arguments:
jvm_args: --add-modules=ALL-SYSTEM --add-opens=java.base/java.util=ALL-UNNAMED --add-opens=java.base/java.lang=ALL-UNNAMED --add-opens=java.base/sun.nio.fs=ALL-UNNAMED -Declipse.application=org.eclipse.jdt.ls.core.id1 -Dosgi.bundles.defaultStartLevel=4 -Declipse.product=org.eclipse.jdt.ls.core.product -Djava.import.generatesMetadataFilesAtProjectRoot=false -DDetectVMInstallationsJob.disabled=true -Dfile.encoding=utf8 -XX:+UseParallelGC -XX:GCTimeRatio=4 -XX:AdaptiveSizePolicyWeight=90 -Dsun.zip.disableMemoryMapping=true -Xmx1G -Xms100m -Xlog:disable -javaagent:c:\Users\Safegold\.cursor\extensions\redhat.java-1.37.0-win32-x64\lombok\lombok-1.18.34.jar -XX:+HeapDumpOnOutOfMemoryError -XX:HeapDumpPath=c:\Users\Safegold\AppData\Roaming\Cursor\User\workspaceStorage\fc7bc1c2951040d18626b1c4f8f05cd6\redhat.java -Daether.dependencyCollector.impl=bf 
java_command: c:\Users\Safegold\.cursor\extensions\redhat.java-1.37.0-win32-x64\server\plugins\org.eclipse.equinox.launcher_1.6.900.v20240613-2009.jar -configuration c:\Users\Safegold\AppData\Roaming\Cursor\User\globalStorage\redhat.java\1.37.0\config_win -data c:\Users\Safegold\AppData\Roaming\Cursor\User\workspaceStorage\fc7bc1c2951040d18626b1c4f8f05cd6\redhat.java\jdt_ws --pipe=\\.\pipe\lsp-7eb82fd0b4244a09fa33efb1e9373a5b-sock
java_class_path (initial): c:\Users\Safegold\.cursor\extensions\redhat.java-1.37.0-win32-x64\server\plugins\org.eclipse.equinox.launcher_1.6.900.v20240613-2009.jar
Launcher Type: SUN_STANDARD

[Global flags]
    uintx AdaptiveSizePolicyWeight                 = 90                                        {product} {command line}
     intx CICompilerCount                          = 4                                         {product} {ergonomic}
    uintx GCTimeRatio                              = 4                                         {product} {command line}
     bool HeapDumpOnOutOfMemoryError               = true                                   {manageable} {command line}
    ccstr HeapDumpPath                             = c:\Users\Safegold\AppData\Roaming\Cursor\User\workspaceStorage\fc7bc1c2951040d18626b1c4f8f05cd6\redhat.java         {manageable} {command line}
   size_t InitialHeapSize                          = 104857600                                 {product} {command line}
   size_t MaxHeapSize                              = 1073741824                                {product} {command line}
   size_t MaxNewSize                               = 357564416                                 {product} {ergonomic}
   size_t MinHeapDeltaBytes                        = 524288                                    {product} {ergonomic}
   size_t MinHeapSize                              = 104857600                                 {product} {command line}
   size_t NewSize                                  = 34603008                                  {product} {ergonomic}
    uintx NonNMethodCodeHeapSize                   = 5839372                                {pd product} {ergonomic}
    uintx NonProfiledCodeHeapSize                  = 122909434                              {pd product} {ergonomic}
   size_t OldSize                                  = 70254592                                  {product} {ergonomic}
    uintx ProfiledCodeHeapSize                     = 122909434                              {pd product} {ergonomic}
    uintx ReservedCodeCacheSize                    = 251658240                              {pd product} {ergonomic}
     bool SegmentedCodeCache                       = true                                      {product} {ergonomic}
   size_t SoftMaxHeapSize                          = 1073741824                             {manageable} {ergonomic}
     bool UseCompressedClassPointers               = true                           {product lp64_product} {ergonomic}
     bool UseCompressedOops                        = true                           {product lp64_product} {ergonomic}
     bool UseLargePagesIndividualAllocation        = false                                  {pd product} {ergonomic}
     bool UseParallelGC                            = true                                      {product} {command line}

Logging:
Log output configuration:
 #0: stdout all=off uptime,level,tags
 #1: stderr all=off uptime,level,tags

Environment Variables:
JAVA_HOME=C:\Program Files\Java\jdk-21\jdk-21.0.4
PATH=c:\Users\Safegold\AppData\Local\Programs\cursor\resources\app\bin;C:\Program Files\Eclipse Adoptium\jdk-21.0.4.7-hotspot\bin;C:\Program Files (x86)\Common Files\Oracle\Java\javapath;C:\WINDOWS\system32;C:\WINDOWS;C:\WINDOWS\System32\Wbem;C:\WINDOWS\System32\WindowsPowerShell\v1.0\;C:\WINDOWS\System32\OpenSSH\;C:\Program Files (x86)\Intel\Intel(R) Management Engine Components\DAL;C:\Program Files\Intel\Intel(R) Management Engine Components\DAL;C:\Program Files\Java\jre1.8.0_291;C:\Users\Safegold\AppData\Local\Programs\Python\Python312;C:\Users\Safegold\AppData\Local\Programs\Python\Python312\Scripts;C:\Program Files (x86)\Microsoft SQL Server\160\DTS\Binn\;C:\Program Files (x86)\Microsoft SQL Server\160\Tools\Binn\;C:\Program Files\Microsoft SQL Server\160\Tools\Binn\;C:\Program Files\Microsoft SQL Server\Client SDK\ODBC\170\Tools\Binn\;C:\Program Files\Microsoft SQL Server\160\DTS\Binn\;C:\Program Files\Git\cmd;C:\Program Files\dotnet\;C:\Program Files\CMake\bin;C:\ProgramData\chocolatey\bin;C:\Program Files\;C:\Program Files\nodejs\;C:\Users\Safegold\AppData\Local\Roaming\npm;;C:\Program Files\Docker\Docker\resources\bin;C:\Users\Safegold\AppData\Local\Programs\Python\Python312\Scripts\;C:\Users\Safegold\AppData\Local\Programs\Python\Python312\;C:\Users\Safegold\AppData\Local\Programs\Python\Python313\Scripts\;C:\Users\Safegold\AppData\Local\Programs\Python\Python313\;C:\Users\Safegold\AppData\Local\Programs\Microsoft VS Code\bin;C:\Program Files\JetBrains\PyCharm 2024.1.3\bin;;C:\Program Files\JetBrains\PyCharm Community Edition 2024.1.1\bin;;C:\Users\Safegold\AppData\Local\Microsoft\WindowsApps;;C:\Program Files\JetBrains\DataGrip 2024.1.4\bin;;C:\Program Files\JetBrains\DataSpell 2024.1.3\bin;;C:\Program Files\JetBrains\WebStorm 2024.1.5\bin;;C:\Users\Safegold\AppData\Local\Microsoft\WinGet\Packages\Schniz.fnm_Microsoft.Winget.Source_8wekyb3d8bbwe;C:\Users\Safegold\.dotnet\tools;C:\Program Files\JetBrains\IntelliJ IDEA 2024.2.3\bin;;C:\Users\Safegold\AppData\R
USERNAME=Safegold
OS=Windows_NT
PROCESSOR_IDENTIFIER=Intel64 Family 6 Model 142 Stepping 12, GenuineIntel
TMP=C:\Users\Safegold\AppData\Local\Temp
TEMP=C:\Users\Safegold\AppData\Local\Temp



Periodic native trim disabled


---------------  S Y S T E M  ---------------

OS:
 Windows 11 , 64 bit Build 26100 (10.0.26100.2454)
OS uptime: 0 days 23:40 hours
Hyper-V role detected

CPU: total 8 (initial active 8) (4 cores per cpu, 2 threads per core) family 6 model 142 stepping 12 microcode 0xf8, cx8, cmov, fxsr, ht, mmx, 3dnowpref, sse, sse2, sse3, ssse3, sse4.1, sse4.2, popcnt, lzcnt, tsc, tscinvbit, avx, avx2, aes, erms, clmul, bmi1, bmi2, adx, fma, vzeroupper, clflush, clflushopt, hv
Processor Information for all 8 processors :
  Max Mhz: 1800, Current Mhz: 1600, Mhz Limit: 1584

Memory: 4k page, system-wide physical 16239M (2489M free)
TotalPageFile size 22885M (AvailPageFile size 12M)
current process WorkingSet (physical memory assigned to process): 265M, peak: 272M
current process commit charge ("private bytes"): 306M, peak: 323M

vm_info: OpenJDK 64-Bit Server VM (17.0.13+11) for windows-amd64 JRE (17.0.13+11), built on Oct 16 2024 00:10:08 by "admin" with MS VC++ 17.7 (VS2022)

END.
